Using pre-set license
Built from '2020.3/staging' branch; Version is '2020.3.6f1 (338bb68529b2) revision 3378102'; Using compiler version '192528614'; Build Type 'Release'
OS: 'Windows 10 Pro; OS build 19042.1288; Version 2009; 64bit' Language: 'pt' Physical Memory: 32614 MB
BatchMode: 1, IsHumanControllingUs: 0, StartBugReporterOnCrash: 0, Is64bit: 1, IsPro: 0

 COMMAND LINE ARGUMENTS:
C:\Program Files\Unity\Hub\Editor\2020.3.6f1\Editor\Unity.exe
-adb2
-batchMode
-noUpm
-name
AssetImportWorker1
-projectPath
C:/Users/fabri/OneDrive/Documentos/Graduação [UEA-EST]/[Material]/GitHub Repositories/Jogo sem nome ainda
-logFile
Logs/AssetImportWorker1.log
-srvPort
52487
Successfully changed project path to: C:/Users/fabri/OneDrive/Documentos/Graduação [UEA-EST]/[Material]/GitHub Repositories/Jogo sem nome ainda
C:/Users/fabri/OneDrive/Documentos/Graduação [UEA-EST]/[Material]/GitHub Repositories/Jogo sem nome ainda
Using Asset Import Pipeline V2.
Refreshing native plugins compatible for Editor in 35.14 ms, found 1 plugins.
Preloading 0 native plugins for Editor in 0.00 ms.
Initialize engine version: 2020.3.6f1 (338bb68529b2)
[Subsystems] Discovering subsystems at path C:/Program Files/Unity/Hub/Editor/2020.3.6f1/Editor/Data/Resources/UnitySubsystems
[Subsystems] Discovering subsystems at path C:/Users/fabri/OneDrive/Documentos/Graduação [UEA-EST]/[Material]/GitHub Repositories/Jogo sem nome ainda/Assets
GfxDevice: creating device client; threaded=0
Direct3D:
    Version:  Direct3D 11.0 [level 11.1]
    Renderer: NVIDIA GeForce GTX 1660 Ti (ID=0x2191)
    Vendor:   
    VRAM:     5991 MB
    Driver:   30.0.14.9613
Initialize mono
Mono path[0] = 'C:/Program Files/Unity/Hub/Editor/2020.3.6f1/Editor/Data/Managed'
Mono path[1] = 'C:/Program Files/Unity/Hub/Editor/2020.3.6f1/Editor/Data/MonoBleedingEdge/lib/mono/unityjit'
Mono config path = 'C:/Program Files/Unity/Hub/Editor/2020.3.6f1/Editor/Data/MonoBleedingEdge/etc'
Using monoOptions --debugger-agent=transport=dt_socket,embedding=1,server=y,suspend=n,address=127.0.0.1:56316
Begin MonoManager ReloadAssembly
Registering precompiled unity dll's ...
Register platform support module: C:/Program Files/Unity/Hub/Editor/2020.3.6f1/Editor/Data/PlaybackEngines/WebGLSupport/UnityEditor.WebGL.Extensions.dll
Register platform support module: C:/Program Files/Unity/Hub/Editor/2020.3.6f1/Editor/Data/PlaybackEngines/WindowsStandaloneSupport/UnityEditor.WindowsStandalone.Extensions.dll
Registered in 0.002410 seconds.
Native extension for WindowsStandalone target not found
Native extension for WebGL target not found
Refreshing native plugins compatible for Editor in 34.55 ms, found 1 plugins.
Preloading 0 native plugins for Editor in 0.00 ms.
Mono: successfully reloaded assembly
- Completed reload, in  2.274 seconds
Platform modules already initialized, skipping
Registering precompiled user dll's ...
Registered in 0.001175 seconds.
Begin MonoManager ReloadAssembly
Native extension for WindowsStandalone target not found
Native extension for WebGL target not found
Refreshing native plugins compatible for Editor in 35.12 ms, found 1 plugins.
Preloading 0 native plugins for Editor in 0.00 ms.
Mono: successfully reloaded assembly
- Completed reload, in  0.878 seconds
Platform modules already initialized, skipping
========================================================================
Worker process is ready to serve import requests
Launched and connected shader compiler UnityShaderCompiler.exe after 0.07 seconds
Refreshing native plugins compatible for Editor in 0.39 ms, found 1 plugins.
Preloading 0 native plugins for Editor in 0.00 ms.
Unloading 1816 Unused Serialized files (Serialized files now loaded: 0)
System memory in use before: 85.9 MB.
System memory in use after: 85.9 MB.

Unloading 24 unused Assets to reduce memory usage. Loaded Objects now: 2260.
Total: 2.223500 ms (FindLiveObjects: 0.275800 ms CreateObjectMapping: 0.163500 ms MarkObjects: 1.671400 ms  DeleteObjects: 0.111600 ms)

========================================================================
Received Import Request.
  path: ProjectSettings/TagManager.asset
  artifactKey: Guid(00000000000000003000000000000000) Importer(815301076,1909f56bfc062723c751e8b465ee728b)
Start importing ProjectSettings/TagManager.asset using Guid(00000000000000003000000000000000) Importer(815301076,1909f56bfc062723c751e8b465ee728b)  -> (artifact id: '931b5a6240d4b9e0a76f07f5dc298af2') in 0.043422 seconds
  Import took 0.045967 seconds .

========================================================================
Received Import Request.
  Time since last request: 14.525133 seconds.
  path: Assets/Prefabs/Frog.prefab
  artifactKey: Guid(3fa70e8e5d52f8e4e84fbaaf2da9318a) Importer(815301076,1909f56bfc062723c751e8b465ee728b)
Start importing Assets/Prefabs/Frog.prefab using Guid(3fa70e8e5d52f8e4e84fbaaf2da9318a) Importer(815301076,1909f56bfc062723c751e8b465ee728b)  -> (artifact id: '29a6d637d8a0aec8f08b7ab389914da8') in 0.075594 seconds
  Import took 0.078320 seconds .

========================================================================
Received Import Request.
  Time since last request: 0.004493 seconds.
  path: Assets/Prefabs/Frog.prefab
  artifactKey: Guid(3fa70e8e5d52f8e4e84fbaaf2da9318a) Importer(815301076,1909f56bfc062723c751e8b465ee728b)
Start importing Assets/Prefabs/Frog.prefab using Guid(3fa70e8e5d52f8e4e84fbaaf2da9318a) Importer(815301076,1909f56bfc062723c751e8b465ee728b)  -> (artifact id: '29a6d637d8a0aec8f08b7ab389914da8') in 0.010874 seconds
  Import took 0.013932 seconds .

========================================================================
Received Import Request.
  Time since last request: 14.716437 seconds.
  path: Assets/Prefabs/Frog.prefab
  artifactKey: Guid(3fa70e8e5d52f8e4e84fbaaf2da9318a) Importer(815301076,1909f56bfc062723c751e8b465ee728b)
Start importing Assets/Prefabs/Frog.prefab using Guid(3fa70e8e5d52f8e4e84fbaaf2da9318a) Importer(815301076,1909f56bfc062723c751e8b465ee728b)  -> (artifact id: '1d5818ca9874ab15ecbe41aece73bfa8') in 0.010311 seconds
  Import took 0.013249 seconds .

========================================================================
Received Prepare
Registering precompiled user dll's ...
Registered in 0.000985 seconds.
Begin MonoManager ReloadAssembly
Native extension for WindowsStandalone target not found
Native extension for WebGL target not found
Refreshing native plugins compatible for Editor in 0.38 ms, found 1 plugins.
Preloading 0 native plugins for Editor in 0.00 ms.
Mono: successfully reloaded assembly
- Completed reload, in  0.779 seconds
Platform modules already initialized, skipping
Refreshing native plugins compatible for Editor in 0.34 ms, found 1 plugins.
Preloading 0 native plugins for Editor in 0.00 ms.
Unloading 1811 Unused Serialized files (Serialized files now loaded: 0)
System memory in use before: 89.0 MB.
System memory in use after: 89.0 MB.

Unloading 13 unused Assets to reduce memory usage. Loaded Objects now: 2271.
Total: 2.067700 ms (FindLiveObjects: 0.194300 ms CreateObjectMapping: 0.068800 ms MarkObjects: 1.711500 ms  DeleteObjects: 0.092300 ms)

========================================================================
Received Prepare
Registering precompiled user dll's ...
Registered in 0.001036 seconds.
Begin MonoManager ReloadAssembly
Native extension for WindowsStandalone target not found
Native extension for WebGL target not found
Refreshing native plugins compatible for Editor in 0.34 ms, found 1 plugins.
Preloading 0 native plugins for Editor in 0.00 ms.
Mono: successfully reloaded assembly
- Completed reload, in  0.783 seconds
Platform modules already initialized, skipping
Refreshing native plugins compatible for Editor in 0.33 ms, found 1 plugins.
Preloading 0 native plugins for Editor in 0.00 ms.
Unloading 1811 Unused Serialized files (Serialized files now loaded: 0)
System memory in use before: 89.1 MB.
System memory in use after: 89.0 MB.

Unloading 12 unused Assets to reduce memory usage. Loaded Objects now: 2275.
Total: 2.095700 ms (FindLiveObjects: 0.177200 ms CreateObjectMapping: 0.049000 ms MarkObjects: 1.776600 ms  DeleteObjects: 0.092000 ms)

========================================================================
Received Prepare
Registering precompiled user dll's ...
Registered in 0.000994 seconds.
Begin MonoManager ReloadAssembly
Native extension for WindowsStandalone target not found
Native extension for WebGL target not found
Refreshing native plugins compatible for Editor in 0.34 ms, found 1 plugins.
Preloading 0 native plugins for Editor in 0.00 ms.
Mono: successfully reloaded assembly
- Completed reload, in  0.781 seconds
Platform modules already initialized, skipping
Refreshing native plugins compatible for Editor in 0.34 ms, found 1 plugins.
Preloading 0 native plugins for Editor in 0.00 ms.
Unloading 1811 Unused Serialized files (Serialized files now loaded: 0)
System memory in use before: 89.1 MB.
System memory in use after: 89.1 MB.

Unloading 12 unused Assets to reduce memory usage. Loaded Objects now: 2279.
Total: 2.345900 ms (FindLiveObjects: 0.248700 ms CreateObjectMapping: 0.082800 ms MarkObjects: 1.917000 ms  DeleteObjects: 0.096500 ms)

========================================================================
Received Prepare
Registering precompiled user dll's ...
Registered in 0.000936 seconds.
Begin MonoManager ReloadAssembly
Native extension for WindowsStandalone target not found
Native extension for WebGL target not found
Refreshing native plugins compatible for Editor in 0.36 ms, found 1 plugins.
Preloading 0 native plugins for Editor in 0.00 ms.
Mono: successfully reloaded assembly
- Completed reload, in  0.828 seconds
Platform modules already initialized, skipping
Refreshing native plugins compatible for Editor in 0.43 ms, found 1 plugins.
Preloading 0 native plugins for Editor in 0.00 ms.
Unloading 1811 Unused Serialized files (Serialized files now loaded: 0)
System memory in use before: 89.1 MB.
System memory in use after: 89.1 MB.

Unloading 12 unused Assets to reduce memory usage. Loaded Objects now: 2283.
Total: 2.024100 ms (FindLiveObjects: 0.206800 ms CreateObjectMapping: 0.071800 ms MarkObjects: 1.651800 ms  DeleteObjects: 0.092500 ms)

========================================================================
Received Prepare
Registering precompiled user dll's ...
Registered in 0.001463 seconds.
Begin MonoManager ReloadAssembly
Native extension for WindowsStandalone target not found
Native extension for WebGL target not found
Refreshing native plugins compatible for Editor in 0.35 ms, found 1 plugins.
Preloading 0 native plugins for Editor in 0.00 ms.
Mono: successfully reloaded assembly
- Completed reload, in  0.775 seconds
Platform modules already initialized, skipping
Refreshing native plugins compatible for Editor in 0.34 ms, found 1 plugins.
Preloading 0 native plugins for Editor in 0.00 ms.
Unloading 1811 Unused Serialized files (Serialized files now loaded: 0)
System memory in use before: 89.1 MB.
System memory in use after: 89.1 MB.

Unloading 12 unused Assets to reduce memory usage. Loaded Objects now: 2287.
Total: 1.850700 ms (FindLiveObjects: 0.161100 ms CreateObjectMapping: 0.055400 ms MarkObjects: 1.545500 ms  DeleteObjects: 0.087800 ms)

========================================================================
Received Prepare
Registering precompiled user dll's ...
Registered in 0.001002 seconds.
Begin MonoManager ReloadAssembly
Native extension for WindowsStandalone target not found
Native extension for WebGL target not found
Refreshing native plugins compatible for Editor in 0.89 ms, found 1 plugins.
Preloading 0 native plugins for Editor in 0.00 ms.
Mono: successfully reloaded assembly
- Completed reload, in  0.942 seconds
Platform modules already initialized, skipping
Refreshing native plugins compatible for Editor in 0.35 ms, found 1 plugins.
Preloading 0 native plugins for Editor in 0.00 ms.
Unloading 1811 Unused Serialized files (Serialized files now loaded: 0)
System memory in use before: 89.1 MB.
System memory in use after: 89.1 MB.

Unloading 12 unused Assets to reduce memory usage. Loaded Objects now: 2291.
Total: 2.089700 ms (FindLiveObjects: 0.192600 ms CreateObjectMapping: 0.065400 ms MarkObjects: 1.728300 ms  DeleteObjects: 0.102200 ms)

========================================================================
Received Prepare
Registering precompiled user dll's ...
Registered in 0.000927 seconds.
Begin MonoManager ReloadAssembly
Native extension for WindowsStandalone target not found
Native extension for WebGL target not found
Refreshing native plugins compatible for Editor in 0.36 ms, found 1 plugins.
Preloading 0 native plugins for Editor in 0.00 ms.
Mono: successfully reloaded assembly
- Completed reload, in  0.824 seconds
Platform modules already initialized, skipping
Refreshing native plugins compatible for Editor in 0.69 ms, found 1 plugins.
Preloading 0 native plugins for Editor in 0.00 ms.
Unloading 1811 Unused Serialized files (Serialized files now loaded: 0)
System memory in use before: 89.1 MB.
System memory in use after: 89.1 MB.

Unloading 12 unused Assets to reduce memory usage. Loaded Objects now: 2295.
Total: 3.898200 ms (FindLiveObjects: 0.199600 ms CreateObjectMapping: 0.076000 ms MarkObjects: 3.492700 ms  DeleteObjects: 0.128600 ms)

========================================================================
Received Prepare
Registering precompiled user dll's ...
Registered in 0.001525 seconds.
Begin MonoManager ReloadAssembly
Native extension for WindowsStandalone target not found
Native extension for WebGL target not found
Refreshing native plugins compatible for Editor in 0.75 ms, found 1 plugins.
Preloading 0 native plugins for Editor in 0.00 ms.
Mono: successfully reloaded assembly
- Completed reload, in  0.813 seconds
Platform modules already initialized, skipping
Refreshing native plugins compatible for Editor in 0.52 ms, found 1 plugins.
Preloading 0 native plugins for Editor in 0.00 ms.
Unloading 1811 Unused Serialized files (Serialized files now loaded: 0)
System memory in use before: 89.1 MB.
System memory in use after: 89.1 MB.

Unloading 12 unused Assets to reduce memory usage. Loaded Objects now: 2299.
Total: 3.327000 ms (FindLiveObjects: 0.648100 ms CreateObjectMapping: 0.265900 ms MarkObjects: 2.299200 ms  DeleteObjects: 0.111500 ms)

========================================================================
Received Import Request.
  Time since last request: 752.128307 seconds.
  path: Assets/Scenes/Level3.unity
  artifactKey: Guid(5c6500d3738c4a742b823ed7f005b4c0) Importer(815301076,1909f56bfc062723c751e8b465ee728b)
Start importing Assets/Scenes/Level3.unity using Guid(5c6500d3738c4a742b823ed7f005b4c0) Importer(815301076,1909f56bfc062723c751e8b465ee728b)  -> (artifact id: '6940cb94baa1ae1e8b5bdf53b78506f3') in 0.016035 seconds
  Import took 0.019319 seconds .

========================================================================
Received Import Request.
  Time since last request: 1.457213 seconds.
  path: Assets/Scenes/Level3 1.unity
  artifactKey: Guid(796cd435e23166f4eb26c36238bab9a4) Importer(815301076,1909f56bfc062723c751e8b465ee728b)
Start importing Assets/Scenes/Level3 1.unity using Guid(796cd435e23166f4eb26c36238bab9a4) Importer(815301076,1909f56bfc062723c751e8b465ee728b)  -> (artifact id: '53e07da4afcfc049ada5422b0e9d5d70') in 0.007326 seconds
  Import took 0.010922 seconds .

========================================================================
Received Import Request.
  Time since last request: 2.226400 seconds.
  path: Assets/Scenes/Level4.unity
  artifactKey: Guid(796cd435e23166f4eb26c36238bab9a4) Importer(815301076,1909f56bfc062723c751e8b465ee728b)
Start importing Assets/Scenes/Level4.unity using Guid(796cd435e23166f4eb26c36238bab9a4) Importer(815301076,1909f56bfc062723c751e8b465ee728b)  -> (artifact id: 'f222b378a580c4c7d482e866f6d508e7') in 0.005960 seconds
  Import took 0.008532 seconds .

========================================================================
Received Import Request.
  Time since last request: 166.544177 seconds.
  path: Assets/Prefabs/Spike.prefab
  artifactKey: Guid(057168e2ce9f8e247a709acd63f84bca) Importer(815301076,1909f56bfc062723c751e8b465ee728b)
Start importing Assets/Prefabs/Spike.prefab using Guid(057168e2ce9f8e247a709acd63f84bca) Importer(815301076,1909f56bfc062723c751e8b465ee728b)  -> (artifact id: '3d8383824caef1e245f7805ec7183b3d') in 0.045009 seconds
  Import took 0.048850 seconds .

========================================================================
Received Import Request.
  Time since last request: 3.186786 seconds.
  path: Assets/Scenes/Level4.unity
  artifactKey: Guid(796cd435e23166f4eb26c36238bab9a4) Importer(815301076,1909f56bfc062723c751e8b465ee728b)
Start importing Assets/Scenes/Level4.unity using Guid(796cd435e23166f4eb26c36238bab9a4) Importer(815301076,1909f56bfc062723c751e8b465ee728b)  -> (artifact id: 'ced01e089ea6a1001ef8bd420626b24b') in 0.002926 seconds
  Import took 0.006079 seconds .

========================================================================
Received Import Request.
  Time since last request: 108.610930 seconds.
  path: Assets/Pixel Adventure 1/Assets/Traps/Fan
  artifactKey: Guid(b34932b9bd7a4ec41943752049913e18) Importer(815301076,1909f56bfc062723c751e8b465ee728b)
Start importing Assets/Pixel Adventure 1/Assets/Traps/Fan using Guid(b34932b9bd7a4ec41943752049913e18) Importer(815301076,1909f56bfc062723c751e8b465ee728b)  -> (artifact id: '568da9967d401377c2254e556e7cee4e') in 0.006898 seconds
  Import took 0.009650 seconds .

========================================================================
Received Import Request.
  Time since last request: 0.049180 seconds.
  path: Assets/Pixel Adventure 1/Assets/Traps/Fan/Off.png
  artifactKey: Guid(1f268b33cadc6104287b8111b824e1e8) Importer(815301076,1909f56bfc062723c751e8b465ee728b)
Start importing Assets/Pixel Adventure 1/Assets/Traps/Fan/Off.png using Guid(1f268b33cadc6104287b8111b824e1e8) Importer(815301076,1909f56bfc062723c751e8b465ee728b)  -> (artifact id: 'dfe115e2a4df21d01e7a9582166ddb04') in 0.035969 seconds
  Import took 0.038618 seconds .

========================================================================
Received Import Request.
  Time since last request: 0.000307 seconds.
  path: Assets/Pixel Adventure 1/Assets/Traps/Fan/On (24x8).png
  artifactKey: Guid(7c645aea6faf2564aa5917bd4ca765ea) Importer(815301076,1909f56bfc062723c751e8b465ee728b)
Start importing Assets/Pixel Adventure 1/Assets/Traps/Fan/On (24x8).png using Guid(7c645aea6faf2564aa5917bd4ca765ea) Importer(815301076,1909f56bfc062723c751e8b465ee728b)  -> (artifact id: '9c1311de5759813e4da551fc20c6bb63') in 0.023508 seconds
  Import took 0.027031 seconds .

========================================================================
Received Import Request.
  Time since last request: 0.004032 seconds.
  path: Assets/Pixel Adventure 1/Assets/Traps/Fan/On (24x8).png
  artifactKey: Guid(7c645aea6faf2564aa5917bd4ca765ea) Importer(815301076,1909f56bfc062723c751e8b465ee728b)
Start importing Assets/Pixel Adventure 1/Assets/Traps/Fan/On (24x8).png using Guid(7c645aea6faf2564aa5917bd4ca765ea) Importer(815301076,1909f56bfc062723c751e8b465ee728b)  -> (artifact id: '9c1311de5759813e4da551fc20c6bb63') in 0.013584 seconds
  Import took 0.016570 seconds .

========================================================================
Received Prepare
Registering precompiled user dll's ...
Registered in 0.000952 seconds.
Begin MonoManager ReloadAssembly
Native extension for WindowsStandalone target not found
Native extension for WebGL target not found
Refreshing native plugins compatible for Editor in 0.34 ms, found 1 plugins.
Preloading 0 native plugins for Editor in 0.00 ms.
Mono: successfully reloaded assembly
- Completed reload, in  0.770 seconds
Platform modules already initialized, skipping
Refreshing native plugins compatible for Editor in 0.34 ms, found 1 plugins.
Preloading 0 native plugins for Editor in 0.00 ms.
Unloading 1811 Unused Serialized files (Serialized files now loaded: 0)
System memory in use before: 89.2 MB.
System memory in use after: 89.2 MB.

Unloading 12 unused Assets to reduce memory usage. Loaded Objects now: 2308.
Total: 2.006900 ms (FindLiveObjects: 0.165700 ms CreateObjectMapping: 0.051600 ms MarkObjects: 1.695600 ms  DeleteObjects: 0.092900 ms)

========================================================================
Received Prepare
Registering precompiled user dll's ...
Registered in 0.000959 seconds.
Begin MonoManager ReloadAssembly
Native extension for WindowsStandalone target not found
Native extension for WebGL target not found
Refreshing native plugins compatible for Editor in 0.34 ms, found 1 plugins.
Preloading 0 native plugins for Editor in 0.00 ms.
Mono: successfully reloaded assembly
- Completed reload, in  0.795 seconds
Platform modules already initialized, skipping
Refreshing native plugins compatible for Editor in 0.33 ms, found 1 plugins.
Preloading 0 native plugins for Editor in 0.00 ms.
Unloading 1811 Unused Serialized files (Serialized files now loaded: 0)
System memory in use before: 89.2 MB.
System memory in use after: 89.2 MB.

Unloading 12 unused Assets to reduce memory usage. Loaded Objects now: 2312.
Total: 2.254100 ms (FindLiveObjects: 0.176200 ms CreateObjectMapping: 0.060400 ms MarkObjects: 1.880600 ms  DeleteObjects: 0.135900 ms)

========================================================================
Received Prepare
Registering precompiled user dll's ...
Registered in 0.001067 seconds.
Begin MonoManager ReloadAssembly
Native extension for WindowsStandalone target not found
Native extension for WebGL target not found
Refreshing native plugins compatible for Editor in 0.34 ms, found 1 plugins.
Preloading 0 native plugins for Editor in 0.00 ms.
Mono: successfully reloaded assembly
- Completed reload, in  0.762 seconds
Platform modules already initialized, skipping
Refreshing native plugins compatible for Editor in 0.33 ms, found 1 plugins.
Preloading 0 native plugins for Editor in 0.00 ms.
Unloading 1811 Unused Serialized files (Serialized files now loaded: 0)
System memory in use before: 89.2 MB.
System memory in use after: 89.2 MB.

Unloading 12 unused Assets to reduce memory usage. Loaded Objects now: 2316.
Total: 2.301900 ms (FindLiveObjects: 0.179400 ms CreateObjectMapping: 0.102300 ms MarkObjects: 1.900900 ms  DeleteObjects: 0.118200 ms)

========================================================================
Received Prepare
Registering precompiled user dll's ...
Registered in 0.000945 seconds.
Begin MonoManager ReloadAssembly
Native extension for WindowsStandalone target not found
Native extension for WebGL target not found
Refreshing native plugins compatible for Editor in 0.35 ms, found 1 plugins.
Preloading 0 native plugins for Editor in 0.00 ms.
Mono: successfully reloaded assembly
- Completed reload, in  0.808 seconds
Platform modules already initialized, skipping
Refreshing native plugins compatible for Editor in 0.34 ms, found 1 plugins.
Preloading 0 native plugins for Editor in 0.00 ms.
Unloading 1811 Unused Serialized files (Serialized files now loaded: 0)
System memory in use before: 89.2 MB.
System memory in use after: 89.2 MB.

Unloading 12 unused Assets to reduce memory usage. Loaded Objects now: 2320.
Total: 2.059500 ms (FindLiveObjects: 0.161400 ms CreateObjectMapping: 0.056700 ms MarkObjects: 1.698800 ms  DeleteObjects: 0.141600 ms)

========================================================================
Received Prepare
Registering precompiled user dll's ...
Registered in 0.000998 seconds.
Begin MonoManager ReloadAssembly
Native extension for WindowsStandalone target not found
Native extension for WebGL target not found
Refreshing native plugins compatible for Editor in 0.39 ms, found 1 plugins.
Preloading 0 native plugins for Editor in 0.00 ms.
Mono: successfully reloaded assembly
- Completed reload, in  0.788 seconds
Platform modules already initialized, skipping
Refreshing native plugins compatible for Editor in 0.34 ms, found 1 plugins.
Preloading 0 native plugins for Editor in 0.00 ms.
Unloading 1811 Unused Serialized files (Serialized files now loaded: 0)
System memory in use before: 89.2 MB.
System memory in use after: 89.2 MB.

Unloading 12 unused Assets to reduce memory usage. Loaded Objects now: 2324.
Total: 2.220900 ms (FindLiveObjects: 0.385000 ms CreateObjectMapping: 0.077300 ms MarkObjects: 1.657900 ms  DeleteObjects: 0.098800 ms)

========================================================================
Received Import Request.
  Time since last request: 507.937063 seconds.
  path: Assets/Prefabs/Fan.prefab
  artifactKey: Guid(f04ab8836a1c18241932afcbf2d175ea) Importer(815301076,1909f56bfc062723c751e8b465ee728b)
Start importing Assets/Prefabs/Fan.prefab using Guid(f04ab8836a1c18241932afcbf2d175ea) Importer(815301076,1909f56bfc062723c751e8b465ee728b)  -> (artifact id: '94531ddd92f72e1d47fea67c9250508a') in 0.057373 seconds
  Import took 0.061611 seconds .

========================================================================
Received Import Request.
  Time since last request: 0.002842 seconds.
  path: Assets/Prefabs/Fan.prefab
  artifactKey: Guid(f04ab8836a1c18241932afcbf2d175ea) Importer(815301076,1909f56bfc062723c751e8b465ee728b)
Start importing Assets/Prefabs/Fan.prefab using Guid(f04ab8836a1c18241932afcbf2d175ea) Importer(815301076,1909f56bfc062723c751e8b465ee728b)  -> (artifact id: '94531ddd92f72e1d47fea67c9250508a') in 0.009990 seconds
  Import took 0.012993 seconds .

========================================================================
Received Prepare
Registering precompiled user dll's ...
Registered in 0.000921 seconds.
Begin MonoManager ReloadAssembly
Native extension for WindowsStandalone target not found
Native extension for WebGL target not found
Refreshing native plugins compatible for Editor in 0.34 ms, found 1 plugins.
Preloading 0 native plugins for Editor in 0.00 ms.
Mono: successfully reloaded assembly
- Completed reload, in  0.790 seconds
Platform modules already initialized, skipping
Refreshing native plugins compatible for Editor in 0.41 ms, found 1 plugins.
Preloading 0 native plugins for Editor in 0.00 ms.
Unloading 1811 Unused Serialized files (Serialized files now loaded: 0)
System memory in use before: 89.3 MB.
System memory in use after: 89.2 MB.

Unloading 12 unused Assets to reduce memory usage. Loaded Objects now: 2329.
Total: 2.245500 ms (FindLiveObjects: 0.151300 ms CreateObjectMapping: 0.056300 ms MarkObjects: 1.942100 ms  DeleteObjects: 0.095200 ms)

========================================================================
Received Prepare
Registering precompiled user dll's ...
Registered in 0.001311 seconds.
Begin MonoManager ReloadAssembly
Native extension for WindowsStandalone target not found
Native extension for WebGL target not found
Refreshing native plugins compatible for Editor in 0.34 ms, found 1 plugins.
Preloading 0 native plugins for Editor in 0.00 ms.
Mono: successfully reloaded assembly
- Completed reload, in  0.774 seconds
Platform modules already initialized, skipping
Refreshing native plugins compatible for Editor in 0.36 ms, found 1 plugins.
Preloading 0 native plugins for Editor in 0.00 ms.
Unloading 1811 Unused Serialized files (Serialized files now loaded: 0)
System memory in use before: 89.3 MB.
System memory in use after: 89.2 MB.

Unloading 12 unused Assets to reduce memory usage. Loaded Objects now: 2333.
Total: 2.398200 ms (FindLiveObjects: 0.250200 ms CreateObjectMapping: 0.087300 ms MarkObjects: 1.962500 ms  DeleteObjects: 0.097500 ms)

========================================================================
Received Prepare
Registering precompiled user dll's ...
Registered in 0.000989 seconds.
Begin MonoManager ReloadAssembly
Native extension for WindowsStandalone target not found
Native extension for WebGL target not found
Refreshing native plugins compatible for Editor in 0.34 ms, found 1 plugins.
Preloading 0 native plugins for Editor in 0.00 ms.
Mono: successfully reloaded assembly
- Completed reload, in  0.762 seconds
Platform modules already initialized, skipping
Refreshing native plugins compatible for Editor in 0.36 ms, found 1 plugins.
Preloading 0 native plugins for Editor in 0.00 ms.
Unloading 1811 Unused Serialized files (Serialized files now loaded: 0)
System memory in use before: 89.3 MB.
System memory in use after: 89.3 MB.

Unloading 12 unused Assets to reduce memory usage. Loaded Objects now: 2337.
Total: 2.297300 ms (FindLiveObjects: 0.231600 ms CreateObjectMapping: 0.077300 ms MarkObjects: 1.889800 ms  DeleteObjects: 0.097600 ms)

========================================================================
Received Prepare
Registering precompiled user dll's ...
Registered in 0.001105 seconds.
Begin MonoManager ReloadAssembly
Native extension for WindowsStandalone target not found
Native extension for WebGL target not found
Refreshing native plugins compatible for Editor in 0.35 ms, found 1 plugins.
Preloading 0 native plugins for Editor in 0.00 ms.
Mono: successfully reloaded assembly
- Completed reload, in  0.767 seconds
Platform modules already initialized, skipping
Refreshing native plugins compatible for Editor in 0.33 ms, found 1 plugins.
Preloading 0 native plugins for Editor in 0.00 ms.
Unloading 1811 Unused Serialized files (Serialized files now loaded: 0)
System memory in use before: 89.3 MB.
System memory in use after: 89.3 MB.

Unloading 12 unused Assets to reduce memory usage. Loaded Objects now: 2341.
Total: 2.153000 ms (FindLiveObjects: 0.150600 ms CreateObjectMapping: 0.052100 ms MarkObjects: 1.857200 ms  DeleteObjects: 0.092100 ms)

========================================================================
Received Import Request.
  Time since last request: 138.216746 seconds.
  path: Assets/Scenes/Level4.unity
  artifactKey: Guid(796cd435e23166f4eb26c36238bab9a4) Importer(815301076,1909f56bfc062723c751e8b465ee728b)
Start importing Assets/Scenes/Level4.unity using Guid(796cd435e23166f4eb26c36238bab9a4) Importer(815301076,1909f56bfc062723c751e8b465ee728b)  -> (artifact id: '23cf96d7eb71522a024e507dd169b648') in 0.015149 seconds
  Import took 0.017973 seconds .

========================================================================
Received Import Request.
  Time since last request: 40.022418 seconds.
  path: Assets/Scenes/Level2.unity
  artifactKey: Guid(2b9b255ebffc3d64c862410755ec7eda) Importer(815301076,1909f56bfc062723c751e8b465ee728b)
Start importing Assets/Scenes/Level2.unity using Guid(2b9b255ebffc3d64c862410755ec7eda) Importer(815301076,1909f56bfc062723c751e8b465ee728b)  -> (artifact id: '9f6f15515de3e0c709325369b77a8d31') in 0.006779 seconds
  Import took 0.009554 seconds .

========================================================================
Received Import Request.
  Time since last request: 1.189956 seconds.
  path: Assets/Scenes/Level1.unity
  artifactKey: Guid(2cda990e2423bbf4892e6590ba056729) Importer(815301076,1909f56bfc062723c751e8b465ee728b)
Start importing Assets/Scenes/Level1.unity using Guid(2cda990e2423bbf4892e6590ba056729) Importer(815301076,1909f56bfc062723c751e8b465ee728b)  -> (artifact id: 'a320b05fcb1f069d69257b677baf836b') in 0.006189 seconds
  Import took 0.009086 seconds .

========================================================================
Received Import Request.
  Time since last request: 1.217307 seconds.
  path: Assets/Scenes/Level4.unity
  artifactKey: Guid(796cd435e23166f4eb26c36238bab9a4) Importer(815301076,1909f56bfc062723c751e8b465ee728b)
Start importing Assets/Scenes/Level4.unity using Guid(796cd435e23166f4eb26c36238bab9a4) Importer(815301076,1909f56bfc062723c751e8b465ee728b)  -> (artifact id: 'daca3f24bc654f8b7a08f133f2d94249') in 0.003042 seconds
  Import took 0.006242 seconds .

========================================================================
Received Prepare
Registering precompiled user dll's ...
Registered in 0.001012 seconds.
Begin MonoManager ReloadAssembly
Native extension for WindowsStandalone target not found
Native extension for WebGL target not found
Refreshing native plugins compatible for Editor in 0.35 ms, found 1 plugins.
Preloading 0 native plugins for Editor in 0.00 ms.
Mono: successfully reloaded assembly
- Completed reload, in  0.767 seconds
Platform modules already initialized, skipping
Refreshing native plugins compatible for Editor in 0.33 ms, found 1 plugins.
Preloading 0 native plugins for Editor in 0.00 ms.
Unloading 1811 Unused Serialized files (Serialized files now loaded: 0)
System memory in use before: 89.3 MB.
System memory in use after: 89.3 MB.

Unloading 12 unused Assets to reduce memory usage. Loaded Objects now: 2345.
Total: 1.730500 ms (FindLiveObjects: 0.158200 ms CreateObjectMapping: 0.057700 ms MarkObjects: 1.422600 ms  DeleteObjects: 0.091300 ms)

========================================================================
Received Prepare
Registering precompiled user dll's ...
Registered in 0.000941 seconds.
Begin MonoManager ReloadAssembly
Native extension for WindowsStandalone target not found
Native extension for WebGL target not found
Refreshing native plugins compatible for Editor in 0.34 ms, found 1 plugins.
Preloading 0 native plugins for Editor in 0.00 ms.
Mono: successfully reloaded assembly
- Completed reload, in  0.769 seconds
Platform modules already initialized, skipping
Refreshing native plugins compatible for Editor in 0.33 ms, found 1 plugins.
Preloading 0 native plugins for Editor in 0.00 ms.
Unloading 1811 Unused Serialized files (Serialized files now loaded: 0)
System memory in use before: 89.3 MB.
System memory in use after: 89.3 MB.

Unloading 12 unused Assets to reduce memory usage. Loaded Objects now: 2349.
Total: 2.235500 ms (FindLiveObjects: 0.164800 ms CreateObjectMapping: 0.058900 ms MarkObjects: 1.917800 ms  DeleteObjects: 0.093300 ms)

========================================================================
Received Prepare
Registering precompiled user dll's ...
Registered in 0.000984 seconds.
Begin MonoManager ReloadAssembly
Native extension for WindowsStandalone target not found
Native extension for WebGL target not found
Refreshing native plugins compatible for Editor in 0.36 ms, found 1 plugins.
Preloading 0 native plugins for Editor in 0.00 ms.
Mono: successfully reloaded assembly
- Completed reload, in  0.842 seconds
Platform modules already initialized, skipping
Refreshing native plugins compatible for Editor in 0.35 ms, found 1 plugins.
Preloading 0 native plugins for Editor in 0.00 ms.
Unloading 1811 Unused Serialized files (Serialized files now loaded: 0)
System memory in use before: 89.3 MB.
System memory in use after: 89.3 MB.

Unloading 12 unused Assets to reduce memory usage. Loaded Objects now: 2353.
Total: 2.711000 ms (FindLiveObjects: 0.247100 ms CreateObjectMapping: 0.080400 ms MarkObjects: 2.254700 ms  DeleteObjects: 0.127700 ms)

========================================================================
Received Prepare
Registering precompiled user dll's ...
Registered in 0.000935 seconds.
Begin MonoManager ReloadAssembly
Native extension for WindowsStandalone target not found
Native extension for WebGL target not found
Refreshing native plugins compatible for Editor in 0.39 ms, found 1 plugins.
Preloading 0 native plugins for Editor in 0.00 ms.
Mono: successfully reloaded assembly
- Completed reload, in  0.778 seconds
Platform modules already initialized, skipping
Refreshing native plugins compatible for Editor in 0.37 ms, found 1 plugins.
Preloading 0 native plugins for Editor in 0.00 ms.
Unloading 1811 Unused Serialized files (Serialized files now loaded: 0)
System memory in use before: 89.3 MB.
System memory in use after: 89.3 MB.

Unloading 12 unused Assets to reduce memory usage. Loaded Objects now: 2357.
Total: 2.206600 ms (FindLiveObjects: 0.180700 ms CreateObjectMapping: 0.052200 ms MarkObjects: 1.876500 ms  DeleteObjects: 0.096200 ms)

========================================================================
Received Prepare
Registering precompiled user dll's ...
Registered in 0.000978 seconds.
Begin MonoManager ReloadAssembly
Native extension for WindowsStandalone target not found
Native extension for WebGL target not found
Refreshing native plugins compatible for Editor in 0.36 ms, found 1 plugins.
Preloading 0 native plugins for Editor in 0.00 ms.
Mono: successfully reloaded assembly
- Completed reload, in  0.830 seconds
Platform modules already initialized, skipping
Refreshing native plugins compatible for Editor in 0.38 ms, found 1 plugins.
Preloading 0 native plugins for Editor in 0.00 ms.
Unloading 1811 Unused Serialized files (Serialized files now loaded: 0)
System memory in use before: 89.4 MB.
System memory in use after: 89.3 MB.

Unloading 12 unused Assets to reduce memory usage. Loaded Objects now: 2361.
Total: 2.072600 ms (FindLiveObjects: 0.159600 ms CreateObjectMapping: 0.055900 ms MarkObjects: 1.760600 ms  DeleteObjects: 0.095800 ms)

========================================================================
Received Prepare
Registering precompiled user dll's ...
Registered in 0.001084 seconds.
Begin MonoManager ReloadAssembly
Native extension for WindowsStandalone target not found
Native extension for WebGL target not found
Refreshing native plugins compatible for Editor in 0.35 ms, found 1 plugins.
Preloading 0 native plugins for Editor in 0.00 ms.
Mono: successfully reloaded assembly
- Completed reload, in  0.834 seconds
Platform modules already initialized, skipping
Refreshing native plugins compatible for Editor in 0.38 ms, found 1 plugins.
Preloading 0 native plugins for Editor in 0.00 ms.
Unloading 1811 Unused Serialized files (Serialized files now loaded: 0)
System memory in use before: 89.4 MB.
System memory in use after: 89.3 MB.

Unloading 12 unused Assets to reduce memory usage. Loaded Objects now: 2365.
Total: 2.178800 ms (FindLiveObjects: 0.248200 ms CreateObjectMapping: 0.086400 ms MarkObjects: 1.746400 ms  DeleteObjects: 0.096800 ms)

========================================================================
Received Prepare
Registering precompiled user dll's ...
Registered in 0.000947 seconds.
Begin MonoManager ReloadAssembly
Native extension for WindowsStandalone target not found
Native extension for WebGL target not found
Refreshing native plugins compatible for Editor in 0.36 ms, found 1 plugins.
Preloading 0 native plugins for Editor in 0.00 ms.
Mono: successfully reloaded assembly
- Completed reload, in  0.795 seconds
Platform modules already initialized, skipping
Refreshing native plugins compatible for Editor in 0.36 ms, found 1 plugins.
Preloading 0 native plugins for Editor in 0.00 ms.
Unloading 1811 Unused Serialized files (Serialized files now loaded: 0)
System memory in use before: 89.4 MB.
System memory in use after: 89.3 MB.

Unloading 12 unused Assets to reduce memory usage. Loaded Objects now: 2369.
Total: 2.308300 ms (FindLiveObjects: 0.296300 ms CreateObjectMapping: 0.086700 ms MarkObjects: 1.799400 ms  DeleteObjects: 0.124900 ms)

========================================================================
Received Prepare
Registering precompiled user dll's ...
Registered in 0.001356 seconds.
Begin MonoManager ReloadAssembly
Native extension for WindowsStandalone target not found
Native extension for WebGL target not found
Refreshing native plugins compatible for Editor in 0.49 ms, found 1 plugins.
Preloading 0 native plugins for Editor in 0.00 ms.
Mono: successfully reloaded assembly
- Completed reload, in  0.994 seconds
Platform modules already initialized, skipping
Refreshing native plugins compatible for Editor in 0.42 ms, found 1 plugins.
Preloading 0 native plugins for Editor in 0.00 ms.
Unloading 1811 Unused Serialized files (Serialized files now loaded: 0)
System memory in use before: 89.4 MB.
System memory in use after: 89.4 MB.

Unloading 12 unused Assets to reduce memory usage. Loaded Objects now: 2373.
Total: 2.363700 ms (FindLiveObjects: 0.187100 ms CreateObjectMapping: 0.059100 ms MarkObjects: 2.013100 ms  DeleteObjects: 0.103200 ms)

========================================================================
Received Prepare
Registering precompiled user dll's ...
Registered in 0.000974 seconds.
Begin MonoManager ReloadAssembly
Native extension for WindowsStandalone target not found
Native extension for WebGL target not found
Refreshing native plugins compatible for Editor in 0.34 ms, found 1 plugins.
Preloading 0 native plugins for Editor in 0.00 ms.
Mono: successfully reloaded assembly
- Completed reload, in  0.803 seconds
Platform modules already initialized, skipping
Refreshing native plugins compatible for Editor in 0.34 ms, found 1 plugins.
Preloading 0 native plugins for Editor in 0.00 ms.
Unloading 1811 Unused Serialized files (Serialized files now loaded: 0)
System memory in use before: 89.4 MB.
System memory in use after: 89.4 MB.

Unloading 12 unused Assets to reduce memory usage. Loaded Objects now: 2377.
Total: 2.341700 ms (FindLiveObjects: 0.179100 ms CreateObjectMapping: 0.065600 ms MarkObjects: 2.000800 ms  DeleteObjects: 0.095600 ms)

========================================================================
Received Prepare
Registering precompiled user dll's ...
Registered in 0.001410 seconds.
Begin MonoManager ReloadAssembly
Native extension for WindowsStandalone target not found
Native extension for WebGL target not found
Refreshing native plugins compatible for Editor in 0.34 ms, found 1 plugins.
Preloading 0 native plugins for Editor in 0.00 ms.
Mono: successfully reloaded assembly
- Completed reload, in  0.775 seconds
Platform modules already initialized, skipping
Refreshing native plugins compatible for Editor in 0.34 ms, found 1 plugins.
Preloading 0 native plugins for Editor in 0.00 ms.
Unloading 1811 Unused Serialized files (Serialized files now loaded: 0)
System memory in use before: 89.4 MB.
System memory in use after: 89.4 MB.

Unloading 12 unused Assets to reduce memory usage. Loaded Objects now: 2381.
Total: 2.279500 ms (FindLiveObjects: 0.176800 ms CreateObjectMapping: 0.060500 ms MarkObjects: 1.937900 ms  DeleteObjects: 0.103500 ms)

========================================================================
Received Import Request.
  Time since last request: 425.483710 seconds.
  path: ProjectSettings/TagManager.asset
  artifactKey: Guid(00000000000000003000000000000000) Importer(815301076,1909f56bfc062723c751e8b465ee728b)
Start importing ProjectSettings/TagManager.asset using Guid(00000000000000003000000000000000) Importer(815301076,1909f56bfc062723c751e8b465ee728b)  -> (artifact id: '54eb64bc157d630570b86a40baec7115') in 0.016027 seconds
  Import took 0.019652 seconds .

========================================================================
Received Prepare
Registering precompiled user dll's ...
Registered in 0.001022 seconds.
Begin MonoManager ReloadAssembly
Native extension for WindowsStandalone target not found
Native extension for WebGL target not found
Refreshing native plugins compatible for Editor in 0.34 ms, found 1 plugins.
Preloading 0 native plugins for Editor in 0.00 ms.
Mono: successfully reloaded assembly
- Completed reload, in  0.936 seconds
Platform modules already initialized, skipping
Refreshing native plugins compatible for Editor in 0.36 ms, found 1 plugins.
Preloading 0 native plugins for Editor in 0.00 ms.
Unloading 1811 Unused Serialized files (Serialized files now loaded: 0)
System memory in use before: 89.4 MB.
System memory in use after: 89.4 MB.

Unloading 13 unused Assets to reduce memory usage. Loaded Objects now: 2385.
Total: 2.084900 ms (FindLiveObjects: 0.192300 ms CreateObjectMapping: 0.057700 ms MarkObjects: 1.737200 ms  DeleteObjects: 0.096100 ms)

========================================================================
Received Prepare
Registering precompiled user dll's ...
Registered in 0.001090 seconds.
Begin MonoManager ReloadAssembly
Native extension for WindowsStandalone target not found
Native extension for WebGL target not found
Refreshing native plugins compatible for Editor in 0.37 ms, found 1 plugins.
Preloading 0 native plugins for Editor in 0.00 ms.
Mono: successfully reloaded assembly
- Completed reload, in  0.910 seconds
Platform modules already initialized, skipping
Refreshing native plugins compatible for Editor in 0.34 ms, found 1 plugins.
Preloading 0 native plugins for Editor in 0.00 ms.
Unloading 1811 Unused Serialized files (Serialized files now loaded: 0)
System memory in use before: 89.4 MB.
System memory in use after: 89.4 MB.

Unloading 12 unused Assets to reduce memory usage. Loaded Objects now: 2389.
Total: 2.061900 ms (FindLiveObjects: 0.180200 ms CreateObjectMapping: 0.065800 ms MarkObjects: 1.719900 ms  DeleteObjects: 0.095100 ms)

========================================================================
Received Import Request.
  Time since last request: 1960.092412 seconds.
  path: Assets/New Physics Material 2D.physicsMaterial2D
  artifactKey: Guid(cb093b30ac4a90844b42d8ccf3d373c0) Importer(815301076,1909f56bfc062723c751e8b465ee728b)
Start importing Assets/New Physics Material 2D.physicsMaterial2D using Guid(cb093b30ac4a90844b42d8ccf3d373c0) Importer(815301076,1909f56bfc062723c751e8b465ee728b)  -> (artifact id: '76c192303381009af81706005bf63630') in 0.016513 seconds
  Import took 0.020134 seconds .

========================================================================
Received Import Request.
  Time since last request: 8.651537 seconds.
  path: Assets/PlayerCol.physicsMaterial2D
  artifactKey: Guid(cb093b30ac4a90844b42d8ccf3d373c0) Importer(815301076,1909f56bfc062723c751e8b465ee728b)
Start importing Assets/PlayerCol.physicsMaterial2D using Guid(cb093b30ac4a90844b42d8ccf3d373c0) Importer(815301076,1909f56bfc062723c751e8b465ee728b)  -> (artifact id: '5dd0219f4f64a1c4b38307df93a5c39f') in 0.006961 seconds
  Import took 0.010241 seconds .

========================================================================
Received Import Request.
  Time since last request: 0.003295 seconds.
  path: Assets/PlayerCol.physicsMaterial2D
  artifactKey: Guid(cb093b30ac4a90844b42d8ccf3d373c0) Importer(815301076,1909f56bfc062723c751e8b465ee728b)
Start importing Assets/PlayerCol.physicsMaterial2D using Guid(cb093b30ac4a90844b42d8ccf3d373c0) Importer(815301076,1909f56bfc062723c751e8b465ee728b)  -> (artifact id: '5dd0219f4f64a1c4b38307df93a5c39f') in 0.002870 seconds
  Import took 0.006177 seconds .

========================================================================
Received Import Request.
  Time since last request: 25.899761 seconds.
  path: Assets/PlayerCol.physicsMaterial2D
  artifactKey: Guid(cb093b30ac4a90844b42d8ccf3d373c0) Importer(815301076,1909f56bfc062723c751e8b465ee728b)
Start importing Assets/PlayerCol.physicsMaterial2D using Guid(cb093b30ac4a90844b42d8ccf3d373c0) Importer(815301076,1909f56bfc062723c751e8b465ee728b)  -> (artifact id: '2ef42c30a5923fe86c7d1c159501c75d') in 0.005872 seconds
  Import took 0.009012 seconds .

========================================================================
Received Import Request.
  Time since last request: 9.718492 seconds.
  path: Assets/PlayerCol.physicsMaterial2D
  artifactKey: Guid(cb093b30ac4a90844b42d8ccf3d373c0) Importer(815301076,1909f56bfc062723c751e8b465ee728b)
Start importing Assets/PlayerCol.physicsMaterial2D using Guid(cb093b30ac4a90844b42d8ccf3d373c0) Importer(815301076,1909f56bfc062723c751e8b465ee728b)  -> (artifact id: 'e22766a17d389a096db04f74370892d9') in 0.002529 seconds
  Import took 0.005522 seconds .

========================================================================
Received Import Request.
  Time since last request: 0.005289 seconds.
  path: Assets/PlayerCol.physicsMaterial2D
  artifactKey: Guid(cb093b30ac4a90844b42d8ccf3d373c0) Importer(815301076,1909f56bfc062723c751e8b465ee728b)
Start importing Assets/PlayerCol.physicsMaterial2D using Guid(cb093b30ac4a90844b42d8ccf3d373c0) Importer(815301076,1909f56bfc062723c751e8b465ee728b)  -> (artifact id: 'e22766a17d389a096db04f74370892d9') in 0.002435 seconds
  Import took 0.005129 seconds .

========================================================================
Received Prepare
Registering precompiled user dll's ...
Registered in 0.001233 seconds.
Begin MonoManager ReloadAssembly
Native extension for WindowsStandalone target not found
Native extension for WebGL target not found
Refreshing native plugins compatible for Editor in 0.35 ms, found 1 plugins.
Preloading 0 native plugins for Editor in 0.00 ms.
Mono: successfully reloaded assembly
- Completed reload, in  0.783 seconds
Platform modules already initialized, skipping
Refreshing native plugins compatible for Editor in 0.35 ms, found 1 plugins.
Preloading 0 native plugins for Editor in 0.00 ms.
Unloading 1811 Unused Serialized files (Serialized files now loaded: 0)
System memory in use before: 89.4 MB.
System memory in use after: 89.4 MB.

Unloading 12 unused Assets to reduce memory usage. Loaded Objects now: 2393.
Total: 1.959400 ms (FindLiveObjects: 0.165800 ms CreateObjectMapping: 0.057000 ms MarkObjects: 1.632100 ms  DeleteObjects: 0.103000 ms)

========================================================================
Received Prepare
Registering precompiled user dll's ...
Registered in 0.001006 seconds.
Begin MonoManager ReloadAssembly
Native extension for WindowsStandalone target not found
Native extension for WebGL target not found
Refreshing native plugins compatible for Editor in 0.34 ms, found 1 plugins.
Preloading 0 native plugins for Editor in 0.00 ms.
Mono: successfully reloaded assembly
- Completed reload, in  0.764 seconds
Platform modules already initialized, skipping
Refreshing native plugins compatible for Editor in 0.34 ms, found 1 plugins.
Preloading 0 native plugins for Editor in 0.00 ms.
Unloading 1811 Unused Serialized files (Serialized files now loaded: 0)
System memory in use before: 89.4 MB.
System memory in use after: 89.4 MB.

Unloading 12 unused Assets to reduce memory usage. Loaded Objects now: 2397.
Total: 2.402200 ms (FindLiveObjects: 0.291600 ms CreateObjectMapping: 0.112300 ms MarkObjects: 1.899200 ms  DeleteObjects: 0.098100 ms)

========================================================================
Received Import Request.
  Time since last request: 84.564593 seconds.
  path: Assets/Scenes/Level4.unity
  artifactKey: Guid(796cd435e23166f4eb26c36238bab9a4) Importer(815301076,1909f56bfc062723c751e8b465ee728b)
Start importing Assets/Scenes/Level4.unity using Guid(796cd435e23166f4eb26c36238bab9a4) Importer(815301076,1909f56bfc062723c751e8b465ee728b)  -> (artifact id: 'f6e63f9a31a7f0f1fad7ca9c0d37b005') in 0.012108 seconds
  Import took 0.015374 seconds .

========================================================================
Received Import Request.
  Time since last request: 0.332072 seconds.
  path: Assets/Scenes/Level4 1.unity
  artifactKey: Guid(712af9832435856499a178e7aa124ce0) Importer(815301076,1909f56bfc062723c751e8b465ee728b)
Start importing Assets/Scenes/Level4 1.unity using Guid(712af9832435856499a178e7aa124ce0) Importer(815301076,1909f56bfc062723c751e8b465ee728b)  -> (artifact id: 'bd6aa3cfcd098897f0289f19d0f37cc9') in 0.006924 seconds
  Import took 0.009993 seconds .

========================================================================
Received Import Request.
  Time since last request: 2.821623 seconds.
  path: Assets/Scenes/Level5.unity
  artifactKey: Guid(712af9832435856499a178e7aa124ce0) Importer(815301076,1909f56bfc062723c751e8b465ee728b)
Start importing Assets/Scenes/Level5.unity using Guid(712af9832435856499a178e7aa124ce0) Importer(815301076,1909f56bfc062723c751e8b465ee728b)  -> (artifact id: 'a452f8fc222e6ba9cdfed5427cbbb828') in 0.006280 seconds
  Import took 0.008996 seconds .

========================================================================
Received Import Request.
  Time since last request: 0.833982 seconds.
  path: Assets/Scenes/Level5 1.unity
  artifactKey: Guid(8131d5d9dbcac6e409de7e6be304e285) Importer(815301076,1909f56bfc062723c751e8b465ee728b)
Start importing Assets/Scenes/Level5 1.unity using Guid(8131d5d9dbcac6e409de7e6be304e285) Importer(815301076,1909f56bfc062723c751e8b465ee728b)  -> (artifact id: 'c343bf60fa0d2c76560777931412e297') in 0.007019 seconds
  Import took 0.010215 seconds .

========================================================================
Received Import Request.
  Time since last request: 2.980186 seconds.
  path: Assets/Scenes/Level6.unity
  artifactKey: Guid(8131d5d9dbcac6e409de7e6be304e285) Importer(815301076,1909f56bfc062723c751e8b465ee728b)
Start importing Assets/Scenes/Level6.unity using Guid(8131d5d9dbcac6e409de7e6be304e285) Importer(815301076,1909f56bfc062723c751e8b465ee728b)  -> (artifact id: '4a238f895d268fe333f7d15eea66e492') in 0.006694 seconds
  Import took 0.010011 seconds .

========================================================================
Received Import Request.
  Time since last request: 174.808211 seconds.
  path: Assets/Pixel Adventure 1/Assets/Main Characters/Pink Man astro
  artifactKey: Guid(5369b7247315e204c9a796c2f8cae6d8) Importer(815301076,1909f56bfc062723c751e8b465ee728b)
Start importing Assets/Pixel Adventure 1/Assets/Main Characters/Pink Man astro using Guid(5369b7247315e204c9a796c2f8cae6d8) Importer(815301076,1909f56bfc062723c751e8b465ee728b)  -> (artifact id: '14d255f1b0d771af1cafea3022a228a2') in 0.006413 seconds
  Import took 0.009191 seconds .

========================================================================
Received Import Request.
  Time since last request: 0.055451 seconds.
  path: Assets/Pixel Adventure 1/Assets/Main Characters/Pink Man astro/Double Jump (32x32).png
  artifactKey: Guid(2f7adc34af64f644fa69ba8937393b0a) Importer(815301076,1909f56bfc062723c751e8b465ee728b)
Start importing Assets/Pixel Adventure 1/Assets/Main Characters/Pink Man astro/Double Jump (32x32).png using Guid(2f7adc34af64f644fa69ba8937393b0a) Importer(815301076,1909f56bfc062723c751e8b465ee728b)  -> (artifact id: 'e3a9f29f8ed5fe668278ff2e9b54d281') in 0.041294 seconds
  Import took 0.044113 seconds .

========================================================================
Received Import Request.
  Time since last request: 0.000310 seconds.
  path: Assets/Pixel Adventure 1/Assets/Main Characters/Pink Man astro/Run (32x32).png
  artifactKey: Guid(4f5296e61f94c9540b9a78fd073ae4d5) Importer(815301076,1909f56bfc062723c751e8b465ee728b)
Start importing Assets/Pixel Adventure 1/Assets/Main Characters/Pink Man astro/Run (32x32).png using Guid(4f5296e61f94c9540b9a78fd073ae4d5) Importer(815301076,1909f56bfc062723c751e8b465ee728b)  -> (artifact id: '647a14986d85c1a6b5cdb0234cc931f3') in 0.011883 seconds
  Import took 0.014953 seconds .

========================================================================
Received Import Request.
  Time since last request: 0.000281 seconds.
  path: Assets/Pixel Adventure 1/Assets/Main Characters/Pink Man astro/Hit (32x32).png
  artifactKey: Guid(120f35fda1ff38b47959f3e821dc03c6) Importer(815301076,1909f56bfc062723c751e8b465ee728b)
Start importing Assets/Pixel Adventure 1/Assets/Main Characters/Pink Man astro/Hit (32x32).png using Guid(120f35fda1ff38b47959f3e821dc03c6) Importer(815301076,1909f56bfc062723c751e8b465ee728b)  -> (artifact id: '0910a06ec0fbbc673e0b95eb2c06e78a') in 0.013073 seconds
  Import took 0.016254 seconds .

========================================================================
Received Import Request.
  Time since last request: 0.000299 seconds.
  path: Assets/Pixel Adventure 1/Assets/Main Characters/Pink Man astro/Idle (32x32).png
  artifactKey: Guid(51709d0fecfbe554ab4b9c1ef6ed69e5) Importer(815301076,1909f56bfc062723c751e8b465ee728b)
Start importing Assets/Pixel Adventure 1/Assets/Main Characters/Pink Man astro/Idle (32x32).png using Guid(51709d0fecfbe554ab4b9c1ef6ed69e5) Importer(815301076,1909f56bfc062723c751e8b465ee728b)  -> (artifact id: '2241d4ca566d5009d7ee7de6489a281c') in 0.012029 seconds
  Import took 0.014734 seconds .

========================================================================
Received Import Request.
  Time since last request: 0.000316 seconds.
  path: Assets/Pixel Adventure 1/Assets/Main Characters/Pink Man astro/Wall Jump (32x32).png
  artifactKey: Guid(81ad5a2b483dcfb4cabb9009b2b83601) Importer(815301076,1909f56bfc062723c751e8b465ee728b)
Start importing Assets/Pixel Adventure 1/Assets/Main Characters/Pink Man astro/Wall Jump (32x32).png using Guid(81ad5a2b483dcfb4cabb9009b2b83601) Importer(815301076,1909f56bfc062723c751e8b465ee728b)  -> (artifact id: '6e324eccb5ce14bc820a37e9f56b8846') in 0.017812 seconds
  Import took 0.020416 seconds .

========================================================================
Received Import Request.
  Time since last request: 0.000255 seconds.
  path: Assets/Pixel Adventure 1/Assets/Main Characters/Pink Man astro/Fall (32x32).png
  artifactKey: Guid(39bc9aab24c9a2d42b3d5588841c633c) Importer(815301076,1909f56bfc062723c751e8b465ee728b)
Start importing Assets/Pixel Adventure 1/Assets/Main Characters/Pink Man astro/Fall (32x32).png using Guid(39bc9aab24c9a2d42b3d5588841c633c) Importer(815301076,1909f56bfc062723c751e8b465ee728b)  -> (artifact id: 'd3b3683db8919f2ce99553245e053250') in 0.015389 seconds
  Import took 0.018384 seconds .

========================================================================
Received Import Request.
  Time since last request: 0.000304 seconds.
  path: Assets/Pixel Adventure 1/Assets/Main Characters/Pink Man astro/Jump (32x32).png
  artifactKey: Guid(9b504e9908191cc4fb7db3a89f1b45f0) Importer(815301076,1909f56bfc062723c751e8b465ee728b)
Start importing Assets/Pixel Adventure 1/Assets/Main Characters/Pink Man astro/Jump (32x32).png using Guid(9b504e9908191cc4fb7db3a89f1b45f0) Importer(815301076,1909f56bfc062723c751e8b465ee728b)  -> (artifact id: 'd49ec5434009a6820da0786f71776835') in 0.011265 seconds
  Import took 0.013721 seconds .

========================================================================
Received Import Request.
  Time since last request: 19.636830 seconds.
  path: Assets/Pixel Adventure 1/Assets/Main Characters/Pink Man astro/Double Jump (32x32).png
  artifactKey: Guid(2f7adc34af64f644fa69ba8937393b0a) Importer(815301076,1909f56bfc062723c751e8b465ee728b)
Start importing Assets/Pixel Adventure 1/Assets/Main Characters/Pink Man astro/Double Jump (32x32).png using Guid(2f7adc34af64f644fa69ba8937393b0a) Importer(815301076,1909f56bfc062723c751e8b465ee728b)  -> (artifact id: 'a1eeb517f4d0a9fe44643e2330f0e65c') in 0.011121 seconds
  Import took 0.013982 seconds .

========================================================================
Received Import Request.
  Time since last request: 0.007041 seconds.
  path: Assets/Pixel Adventure 1/Assets/Main Characters/Pink Man astro/Double Jump (32x32).png
  artifactKey: Guid(2f7adc34af64f644fa69ba8937393b0a) Importer(815301076,1909f56bfc062723c751e8b465ee728b)
Start importing Assets/Pixel Adventure 1/Assets/Main Characters/Pink Man astro/Double Jump (32x32).png using Guid(2f7adc34af64f644fa69ba8937393b0a) Importer(815301076,1909f56bfc062723c751e8b465ee728b)  -> (artifact id: 'a1eeb517f4d0a9fe44643e2330f0e65c') in 0.006726 seconds
  Import took 0.009789 seconds .

========================================================================
Received Import Request.
  Time since last request: 7.539863 seconds.
  path: Assets/Pixel Adventure 1/Assets/Main Characters/Pink Man astro/Double Jump (32x32).png
  artifactKey: Guid(2f7adc34af64f644fa69ba8937393b0a) Importer(815301076,1909f56bfc062723c751e8b465ee728b)
Start importing Assets/Pixel Adventure 1/Assets/Main Characters/Pink Man astro/Double Jump (32x32).png using Guid(2f7adc34af64f644fa69ba8937393b0a) Importer(815301076,1909f56bfc062723c751e8b465ee728b)  -> (artifact id: '8ed114a16b4560986bd7a1d214b04700') in 0.025575 seconds
  Import took 0.028232 seconds .

========================================================================
Received Import Request.
  Time since last request: 10.451078 seconds.
  path: Assets/Pixel Adventure 1/Assets/Main Characters/Pink Man astro/Hit (32x32).png
  artifactKey: Guid(120f35fda1ff38b47959f3e821dc03c6) Importer(815301076,1909f56bfc062723c751e8b465ee728b)
Start importing Assets/Pixel Adventure 1/Assets/Main Characters/Pink Man astro/Hit (32x32).png using Guid(120f35fda1ff38b47959f3e821dc03c6) Importer(815301076,1909f56bfc062723c751e8b465ee728b)  -> (artifact id: 'b3dbcff32429b8ff2d72355eac51acdd') in 0.008338 seconds
  Import took 0.011475 seconds .

========================================================================
Received Import Request.
  Time since last request: 0.006087 seconds.
  path: Assets/Pixel Adventure 1/Assets/Main Characters/Pink Man astro/Hit (32x32).png
  artifactKey: Guid(120f35fda1ff38b47959f3e821dc03c6) Importer(815301076,1909f56bfc062723c751e8b465ee728b)
Start importing Assets/Pixel Adventure 1/Assets/Main Characters/Pink Man astro/Hit (32x32).png using Guid(120f35fda1ff38b47959f3e821dc03c6) Importer(815301076,1909f56bfc062723c751e8b465ee728b)  -> (artifact id: 'b3dbcff32429b8ff2d72355eac51acdd') in 0.006004 seconds
  Import took 0.008818 seconds .

========================================================================
Received Import Request.
  Time since last request: 4.158328 seconds.
  path: Assets/Pixel Adventure 1/Assets/Main Characters/Pink Man astro/Hit (32x32).png
  artifactKey: Guid(120f35fda1ff38b47959f3e821dc03c6) Importer(815301076,1909f56bfc062723c751e8b465ee728b)
Start importing Assets/Pixel Adventure 1/Assets/Main Characters/Pink Man astro/Hit (32x32).png using Guid(120f35fda1ff38b47959f3e821dc03c6) Importer(815301076,1909f56bfc062723c751e8b465ee728b)  -> (artifact id: 'b7457702edd87ade85e10bd4b9bbe240') in 0.027955 seconds
  Import took 0.031515 seconds .

========================================================================
Received Import Request.
  Time since last request: 5.381689 seconds.
  path: Assets/Pixel Adventure 1/Assets/Main Characters/Pink Man astro/Idle (32x32).png
  artifactKey: Guid(51709d0fecfbe554ab4b9c1ef6ed69e5) Importer(815301076,1909f56bfc062723c751e8b465ee728b)
Start importing Assets/Pixel Adventure 1/Assets/Main Characters/Pink Man astro/Idle (32x32).png using Guid(51709d0fecfbe554ab4b9c1ef6ed69e5) Importer(815301076,1909f56bfc062723c751e8b465ee728b)  -> (artifact id: '0bcbdfeb67ad2576c34f314943a4c0bb') in 0.008916 seconds
  Import took 0.011713 seconds .

========================================================================
Received Import Request.
  Time since last request: 0.006801 seconds.
  path: Assets/Pixel Adventure 1/Assets/Main Characters/Pink Man astro/Idle (32x32).png
  artifactKey: Guid(51709d0fecfbe554ab4b9c1ef6ed69e5) Importer(815301076,1909f56bfc062723c751e8b465ee728b)
Start importing Assets/Pixel Adventure 1/Assets/Main Characters/Pink Man astro/Idle (32x32).png using Guid(51709d0fecfbe554ab4b9c1ef6ed69e5) Importer(815301076,1909f56bfc062723c751e8b465ee728b)  -> (artifact id: '0bcbdfeb67ad2576c34f314943a4c0bb') in 0.006708 seconds
  Import took 0.010243 seconds .

========================================================================
Received Import Request.
  Time since last request: 4.712692 seconds.
  path: Assets/Pixel Adventure 1/Assets/Main Characters/Pink Man astro/Idle (32x32).png
  artifactKey: Guid(51709d0fecfbe554ab4b9c1ef6ed69e5) Importer(815301076,1909f56bfc062723c751e8b465ee728b)
Start importing Assets/Pixel Adventure 1/Assets/Main Characters/Pink Man astro/Idle (32x32).png using Guid(51709d0fecfbe554ab4b9c1ef6ed69e5) Importer(815301076,1909f56bfc062723c751e8b465ee728b)  -> (artifact id: '22f4c2a9d451bb7b9f98908b0233fe37') in 0.035973 seconds
  Import took 0.038757 seconds .

========================================================================
Received Import Request.
  Time since last request: 5.932174 seconds.
  path: Assets/Pixel Adventure 1/Assets/Main Characters/Pink Man astro/Run (32x32).png
  artifactKey: Guid(4f5296e61f94c9540b9a78fd073ae4d5) Importer(815301076,1909f56bfc062723c751e8b465ee728b)
Start importing Assets/Pixel Adventure 1/Assets/Main Characters/Pink Man astro/Run (32x32).png using Guid(4f5296e61f94c9540b9a78fd073ae4d5) Importer(815301076,1909f56bfc062723c751e8b465ee728b)  -> (artifact id: '54245bbeab3123cb2d5f27ef80226be3') in 0.008415 seconds
  Import took 0.011457 seconds .

========================================================================
Received Import Request.
  Time since last request: 0.006650 seconds.
  path: Assets/Pixel Adventure 1/Assets/Main Characters/Pink Man astro/Run (32x32).png
  artifactKey: Guid(4f5296e61f94c9540b9a78fd073ae4d5) Importer(815301076,1909f56bfc062723c751e8b465ee728b)
Start importing Assets/Pixel Adventure 1/Assets/Main Characters/Pink Man astro/Run (32x32).png using Guid(4f5296e61f94c9540b9a78fd073ae4d5) Importer(815301076,1909f56bfc062723c751e8b465ee728b)  -> (artifact id: '54245bbeab3123cb2d5f27ef80226be3') in 0.005525 seconds
  Import took 0.008303 seconds .

========================================================================
Received Import Request.
  Time since last request: 3.113944 seconds.
  path: Assets/Pixel Adventure 1/Assets/Main Characters/Pink Man astro/Run (32x32).png
  artifactKey: Guid(4f5296e61f94c9540b9a78fd073ae4d5) Importer(815301076,1909f56bfc062723c751e8b465ee728b)
Start importing Assets/Pixel Adventure 1/Assets/Main Characters/Pink Man astro/Run (32x32).png using Guid(4f5296e61f94c9540b9a78fd073ae4d5) Importer(815301076,1909f56bfc062723c751e8b465ee728b)  -> (artifact id: 'ea71f9b13a77180b8b0ebfb11407dbd0') in 0.043058 seconds
  Import took 0.045877 seconds .

========================================================================
Received Import Request.
  Time since last request: 45.505056 seconds.
  path: Assets/Pixel Adventure 1/Assets/Main Characters/Pink Man astro/Run (32x32).png
  artifactKey: Guid(4f5296e61f94c9540b9a78fd073ae4d5) Importer(815301076,1909f56bfc062723c751e8b465ee728b)
Start importing Assets/Pixel Adventure 1/Assets/Main Characters/Pink Man astro/Run (32x32).png using Guid(4f5296e61f94c9540b9a78fd073ae4d5) Importer(815301076,1909f56bfc062723c751e8b465ee728b)  -> (artifact id: '58f9d8f43c7739d8009d34c94a78284a') in 0.042026 seconds
  Import took 0.045286 seconds .

========================================================================
Received Import Request.
  Time since last request: 0.000293 seconds.
  path: Assets/Pixel Adventure 1/Assets/Main Characters/Pink Man astro/Double Jump (32x32).png
  artifactKey: Guid(2f7adc34af64f644fa69ba8937393b0a) Importer(815301076,1909f56bfc062723c751e8b465ee728b)
Start importing Assets/Pixel Adventure 1/Assets/Main Characters/Pink Man astro/Double Jump (32x32).png using Guid(2f7adc34af64f644fa69ba8937393b0a) Importer(815301076,1909f56bfc062723c751e8b465ee728b)  -> (artifact id: '0d71395f691aa344df47139a0b2b95dc') in 0.018963 seconds
  Import took 0.021641 seconds .

========================================================================
Received Import Request.
  Time since last request: 0.000261 seconds.
  path: Assets/Pixel Adventure 1/Assets/Main Characters/Pink Man astro/Hit (32x32).png
  artifactKey: Guid(120f35fda1ff38b47959f3e821dc03c6) Importer(815301076,1909f56bfc062723c751e8b465ee728b)
Start importing Assets/Pixel Adventure 1/Assets/Main Characters/Pink Man astro/Hit (32x32).png using Guid(120f35fda1ff38b47959f3e821dc03c6) Importer(815301076,1909f56bfc062723c751e8b465ee728b)  -> (artifact id: 'a6a4ae0b0570b39590fc5a6a06460a9d') in 0.022726 seconds
  Import took 0.025443 seconds .

========================================================================
Received Import Request.
  Time since last request: 0.000298 seconds.
  path: Assets/Pixel Adventure 1/Assets/Main Characters/Pink Man astro/Idle (32x32).png
  artifactKey: Guid(51709d0fecfbe554ab4b9c1ef6ed69e5) Importer(815301076,1909f56bfc062723c751e8b465ee728b)
Start importing Assets/Pixel Adventure 1/Assets/Main Characters/Pink Man astro/Idle (32x32).png using Guid(51709d0fecfbe554ab4b9c1ef6ed69e5) Importer(815301076,1909f56bfc062723c751e8b465ee728b)  -> (artifact id: '37e0b559cdfeee6ab6fe6e3375ede633') in 0.033580 seconds
  Import took 0.036406 seconds .

========================================================================
Received Import Request.
  Time since last request: 0.000246 seconds.
  path: Assets/Pixel Adventure 1/Assets/Main Characters/Pink Man astro/Wall Jump (32x32).png
  artifactKey: Guid(81ad5a2b483dcfb4cabb9009b2b83601) Importer(815301076,1909f56bfc062723c751e8b465ee728b)
Start importing Assets/Pixel Adventure 1/Assets/Main Characters/Pink Man astro/Wall Jump (32x32).png using Guid(81ad5a2b483dcfb4cabb9009b2b83601) Importer(815301076,1909f56bfc062723c751e8b465ee728b)  -> (artifact id: '6036cf8b5e1578d52ac81ca2391b3cb6') in 0.012638 seconds
  Import took 0.015636 seconds .

========================================================================
Received Prepare
Registering precompiled user dll's ...
Registered in 0.000984 seconds.
Begin MonoManager ReloadAssembly
Native extension for WindowsStandalone target not found
Native extension for WebGL target not found
Refreshing native plugins compatible for Editor in 0.36 ms, found 1 plugins.
Preloading 0 native plugins for Editor in 0.00 ms.
Mono: successfully reloaded assembly
- Completed reload, in  0.765 seconds
Platform modules already initialized, skipping
Refreshing native plugins compatible for Editor in 0.44 ms, found 1 plugins.
Preloading 0 native plugins for Editor in 0.00 ms.
Unloading 1811 Unused Serialized files (Serialized files now loaded: 0)
System memory in use before: 89.5 MB.
System memory in use after: 89.5 MB.

Unloading 12 unused Assets to reduce memory usage. Loaded Objects now: 2438.
Total: 1.957200 ms (FindLiveObjects: 0.184700 ms CreateObjectMapping: 0.061200 ms MarkObjects: 1.618700 ms  DeleteObjects: 0.091900 ms)

========================================================================
Received Import Request.
  Time since last request: 225.100317 seconds.
  path: Assets/Pixel Adventure 1/Assets/Main Characters/Pink Man astro/Jump (32x32).png
  artifactKey: Guid(9b504e9908191cc4fb7db3a89f1b45f0) Importer(815301076,1909f56bfc062723c751e8b465ee728b)
Start importing Assets/Pixel Adventure 1/Assets/Main Characters/Pink Man astro/Jump (32x32).png using Guid(9b504e9908191cc4fb7db3a89f1b45f0) Importer(815301076,1909f56bfc062723c751e8b465ee728b)  -> (artifact id: 'f5a5d7379715c82d0d79222ffa392cd9') in 0.033910 seconds
  Import took 0.036798 seconds .

========================================================================
Received Import Request.
  Time since last request: 41.965201 seconds.
  path: Assets/Pixel Adventure 1/Assets/Main Characters/Pink Man astro/Jump (32x32).png
  artifactKey: Guid(9b504e9908191cc4fb7db3a89f1b45f0) Importer(815301076,1909f56bfc062723c751e8b465ee728b)
Start importing Assets/Pixel Adventure 1/Assets/Main Characters/Pink Man astro/Jump (32x32).png using Guid(9b504e9908191cc4fb7db3a89f1b45f0) Importer(815301076,1909f56bfc062723c751e8b465ee728b)  -> (artifact id: '86b8694c02e9f09f7068aa1401b0428c') in 0.024003 seconds
  Import took 0.027127 seconds .

========================================================================
Received Import Request.
  Time since last request: 0.002721 seconds.
  path: Assets/Pixel Adventure 1/Assets/Main Characters/Pink Man astro/Jump (32x32).png
  artifactKey: Guid(9b504e9908191cc4fb7db3a89f1b45f0) Importer(815301076,1909f56bfc062723c751e8b465ee728b)
Start importing Assets/Pixel Adventure 1/Assets/Main Characters/Pink Man astro/Jump (32x32).png using Guid(9b504e9908191cc4fb7db3a89f1b45f0) Importer(815301076,1909f56bfc062723c751e8b465ee728b)  -> (artifact id: '86b8694c02e9f09f7068aa1401b0428c') in 0.011804 seconds
  Import took 0.015010 seconds .

========================================================================
Received Import Request.
  Time since last request: 83.214806 seconds.
  path: Assets/Animation/Player.controller
  artifactKey: Guid(2810a10721b4c8343b78fe429525e266) Importer(815301076,1909f56bfc062723c751e8b465ee728b)
Start importing Assets/Animation/Player.controller using Guid(2810a10721b4c8343b78fe429525e266) Importer(815301076,1909f56bfc062723c751e8b465ee728b)  -> (artifact id: '8e6ca37d43f5f7484fa25d9c5686db4a') in 0.011291 seconds
  Import took 0.014762 seconds .

========================================================================
Received Import Request.
  Time since last request: 0.001970 seconds.
  path: Assets/Animation/Player.controller
  artifactKey: Guid(2810a10721b4c8343b78fe429525e266) Importer(815301076,1909f56bfc062723c751e8b465ee728b)
Start importing Assets/Animation/Player.controller using Guid(2810a10721b4c8343b78fe429525e266) Importer(815301076,1909f56bfc062723c751e8b465ee728b)  -> (artifact id: '8e6ca37d43f5f7484fa25d9c5686db4a') in 0.004712 seconds
  Import took 0.007788 seconds .

========================================================================
Received Import Request.
  Time since last request: 47.256664 seconds.
  path: Assets/Animation/Player.controller
  artifactKey: Guid(2810a10721b4c8343b78fe429525e266) Importer(815301076,1909f56bfc062723c751e8b465ee728b)
Start importing Assets/Animation/Player.controller using Guid(2810a10721b4c8343b78fe429525e266) Importer(815301076,1909f56bfc062723c751e8b465ee728b)  -> (artifact id: '2c77daefe46068d26859b93e9bb14ef6') in 0.004444 seconds
  Import took 0.007335 seconds .

========================================================================
Received Import Request.
  Time since last request: 14.793026 seconds.
  path: Assets/Animation/Player.controller
  artifactKey: Guid(2810a10721b4c8343b78fe429525e266) Importer(815301076,1909f56bfc062723c751e8b465ee728b)
Start importing Assets/Animation/Player.controller using Guid(2810a10721b4c8343b78fe429525e266) Importer(815301076,1909f56bfc062723c751e8b465ee728b)  -> (artifact id: '2b60af9603c93f2f93e6e6a12d34646a') in 0.005306 seconds
  Import took 0.008563 seconds .

========================================================================
Received Prepare
Registering precompiled user dll's ...
Registered in 0.000980 seconds.
Begin MonoManager ReloadAssembly
Native extension for WindowsStandalone target not found
Native extension for WebGL target not found
Refreshing native plugins compatible for Editor in 0.49 ms, found 1 plugins.
Preloading 0 native plugins for Editor in 0.00 ms.
Mono: successfully reloaded assembly
- Completed reload, in  0.761 seconds
Platform modules already initialized, skipping
Refreshing native plugins compatible for Editor in 0.33 ms, found 1 plugins.
Preloading 0 native plugins for Editor in 0.00 ms.
Unloading 1811 Unused Serialized files (Serialized files now loaded: 0)
System memory in use before: 89.6 MB.
System memory in use after: 89.5 MB.

Unloading 12 unused Assets to reduce memory usage. Loaded Objects now: 2443.
Total: 2.311000 ms (FindLiveObjects: 0.234300 ms CreateObjectMapping: 0.078300 ms MarkObjects: 1.839200 ms  DeleteObjects: 0.158100 ms)

========================================================================
Received Prepare
Registering precompiled user dll's ...
Registered in 0.001034 seconds.
Begin MonoManager ReloadAssembly
Native extension for WindowsStandalone target not found
Native extension for WebGL target not found
Refreshing native plugins compatible for Editor in 0.34 ms, found 1 plugins.
Preloading 0 native plugins for Editor in 0.00 ms.
Mono: successfully reloaded assembly
- Completed reload, in  0.776 seconds
Platform modules already initialized, skipping
Refreshing native plugins compatible for Editor in 0.33 ms, found 1 plugins.
Preloading 0 native plugins for Editor in 0.00 ms.
Unloading 1811 Unused Serialized files (Serialized files now loaded: 0)
System memory in use before: 89.6 MB.
System memory in use after: 89.5 MB.

Unloading 12 unused Assets to reduce memory usage. Loaded Objects now: 2447.
Total: 2.348800 ms (FindLiveObjects: 0.251600 ms CreateObjectMapping: 0.087400 ms MarkObjects: 1.914800 ms  DeleteObjects: 0.094300 ms)

========================================================================
Received Prepare
Registering precompiled user dll's ...
Registered in 0.000998 seconds.
Begin MonoManager ReloadAssembly
Native extension for WindowsStandalone target not found
Native extension for WebGL target not found
Refreshing native plugins compatible for Editor in 0.34 ms, found 1 plugins.
Preloading 0 native plugins for Editor in 0.00 ms.
Mono: successfully reloaded assembly
- Completed reload, in  0.802 seconds
Platform modules already initialized, skipping
Refreshing native plugins compatible for Editor in 0.34 ms, found 1 plugins.
Preloading 0 native plugins for Editor in 0.00 ms.
Unloading 1811 Unused Serialized files (Serialized files now loaded: 0)
System memory in use before: 89.6 MB.
System memory in use after: 89.6 MB.

Unloading 12 unused Assets to reduce memory usage. Loaded Objects now: 2451.
Total: 2.218900 ms (FindLiveObjects: 0.179700 ms CreateObjectMapping: 0.062400 ms MarkObjects: 1.879700 ms  DeleteObjects: 0.096100 ms)

========================================================================
Received Prepare
Registering precompiled user dll's ...
Registered in 0.001001 seconds.
Begin MonoManager ReloadAssembly
Native extension for WindowsStandalone target not found
Native extension for WebGL target not found
Refreshing native plugins compatible for Editor in 0.88 ms, found 1 plugins.
Preloading 0 native plugins for Editor in 0.00 ms.
Mono: successfully reloaded assembly
- Completed reload, in  1.040 seconds
Platform modules already initialized, skipping
Refreshing native plugins compatible for Editor in 0.55 ms, found 1 plugins.
Preloading 0 native plugins for Editor in 0.00 ms.
Unloading 1811 Unused Serialized files (Serialized files now loaded: 0)
System memory in use before: 89.6 MB.
System memory in use after: 89.6 MB.

Unloading 12 unused Assets to reduce memory usage. Loaded Objects now: 2455.
Total: 2.684300 ms (FindLiveObjects: 0.269000 ms CreateObjectMapping: 0.159300 ms MarkObjects: 2.156800 ms  DeleteObjects: 0.097900 ms)

========================================================================
Received Prepare
Registering precompiled user dll's ...
Registered in 0.000990 seconds.
Begin MonoManager ReloadAssembly
Native extension for WindowsStandalone target not found
Native extension for WebGL target not found
Refreshing native plugins compatible for Editor in 0.34 ms, found 1 plugins.
Preloading 0 native plugins for Editor in 0.00 ms.
Mono: successfully reloaded assembly
- Completed reload, in  0.746 seconds
Platform modules already initialized, skipping
Refreshing native plugins compatible for Editor in 0.33 ms, found 1 plugins.
Preloading 0 native plugins for Editor in 0.00 ms.
Unloading 1811 Unused Serialized files (Serialized files now loaded: 0)
System memory in use before: 89.6 MB.
System memory in use after: 89.6 MB.

Unloading 12 unused Assets to reduce memory usage. Loaded Objects now: 2459.
Total: 2.211900 ms (FindLiveObjects: 0.181400 ms CreateObjectMapping: 0.064300 ms MarkObjects: 1.868300 ms  DeleteObjects: 0.096300 ms)

========================================================================
Received Prepare
Registering precompiled user dll's ...
Registered in 0.000969 seconds.
Begin MonoManager ReloadAssembly
Native extension for WindowsStandalone target not found
Native extension for WebGL target not found
Refreshing native plugins compatible for Editor in 0.35 ms, found 1 plugins.
Preloading 0 native plugins for Editor in 0.00 ms.
Mono: successfully reloaded assembly
- Completed reload, in  0.790 seconds
Platform modules already initialized, skipping
Refreshing native plugins compatible for Editor in 0.38 ms, found 1 plugins.
Preloading 0 native plugins for Editor in 0.00 ms.
Unloading 1811 Unused Serialized files (Serialized files now loaded: 0)
System memory in use before: 89.6 MB.
System memory in use after: 89.6 MB.

Unloading 12 unused Assets to reduce memory usage. Loaded Objects now: 2463.
Total: 2.495500 ms (FindLiveObjects: 0.273400 ms CreateObjectMapping: 0.088900 ms MarkObjects: 1.997000 ms  DeleteObjects: 0.135200 ms)

========================================================================
Received Prepare
Registering precompiled user dll's ...
Registered in 0.001035 seconds.
Begin MonoManager ReloadAssembly
Native extension for WindowsStandalone target not found
Native extension for WebGL target not found
Refreshing native plugins compatible for Editor in 0.59 ms, found 1 plugins.
Preloading 0 native plugins for Editor in 0.00 ms.
Mono: successfully reloaded assembly
- Completed reload, in  0.847 seconds
Platform modules already initialized, skipping
Refreshing native plugins compatible for Editor in 0.49 ms, found 1 plugins.
Preloading 0 native plugins for Editor in 0.00 ms.
Unloading 1811 Unused Serialized files (Serialized files now loaded: 0)
System memory in use before: 89.6 MB.
System memory in use after: 89.6 MB.

Unloading 12 unused Assets to reduce memory usage. Loaded Objects now: 2467.
Total: 2.349000 ms (FindLiveObjects: 0.220600 ms CreateObjectMapping: 0.092000 ms MarkObjects: 1.900400 ms  DeleteObjects: 0.134700 ms)

========================================================================
Received Prepare
Registering precompiled user dll's ...
Registered in 0.001073 seconds.
Begin MonoManager ReloadAssembly
Native extension for WindowsStandalone target not found
Native extension for WebGL target not found
Refreshing native plugins compatible for Editor in 0.44 ms, found 1 plugins.
Preloading 0 native plugins for Editor in 0.00 ms.
Mono: successfully reloaded assembly
- Completed reload, in  0.825 seconds
Platform modules already initialized, skipping
Refreshing native plugins compatible for Editor in 0.40 ms, found 1 plugins.
Preloading 0 native plugins for Editor in 0.00 ms.
Unloading 1811 Unused Serialized files (Serialized files now loaded: 0)
System memory in use before: 89.6 MB.
System memory in use after: 89.6 MB.

Unloading 12 unused Assets to reduce memory usage. Loaded Objects now: 2471.
Total: 2.059200 ms (FindLiveObjects: 0.189300 ms CreateObjectMapping: 0.066300 ms MarkObjects: 1.709200 ms  DeleteObjects: 0.093600 ms)

========================================================================
Received Prepare
Registering precompiled user dll's ...
Registered in 0.000994 seconds.
Begin MonoManager ReloadAssembly
Native extension for WindowsStandalone target not found
Native extension for WebGL target not found
Refreshing native plugins compatible for Editor in 0.36 ms, found 1 plugins.
Preloading 0 native plugins for Editor in 0.00 ms.
Mono: successfully reloaded assembly
- Completed reload, in  0.796 seconds
Platform modules already initialized, skipping
Refreshing native plugins compatible for Editor in 0.42 ms, found 1 plugins.
Preloading 0 native plugins for Editor in 0.00 ms.
Unloading 1811 Unused Serialized files (Serialized files now loaded: 0)
System memory in use before: 89.7 MB.
System memory in use after: 89.6 MB.

Unloading 12 unused Assets to reduce memory usage. Loaded Objects now: 2475.
Total: 2.060500 ms (FindLiveObjects: 0.183900 ms CreateObjectMapping: 0.062500 ms MarkObjects: 1.722600 ms  DeleteObjects: 0.090800 ms)

========================================================================
Received Prepare
Registering precompiled user dll's ...
Registered in 0.001001 seconds.
Begin MonoManager ReloadAssembly
Native extension for WindowsStandalone target not found
Native extension for WebGL target not found
Refreshing native plugins compatible for Editor in 0.35 ms, found 1 plugins.
Preloading 0 native plugins for Editor in 0.00 ms.
Mono: successfully reloaded assembly
- Completed reload, in  0.775 seconds
Platform modules already initialized, skipping
Refreshing native plugins compatible for Editor in 0.34 ms, found 1 plugins.
Preloading 0 native plugins for Editor in 0.00 ms.
Unloading 1811 Unused Serialized files (Serialized files now loaded: 0)
System memory in use before: 89.7 MB.
System memory in use after: 89.6 MB.

Unloading 12 unused Assets to reduce memory usage. Loaded Objects now: 2479.
Total: 2.397800 ms (FindLiveObjects: 0.291800 ms CreateObjectMapping: 0.108600 ms MarkObjects: 1.897000 ms  DeleteObjects: 0.099200 ms)

========================================================================
Received Prepare
Registering precompiled user dll's ...
Registered in 0.001011 seconds.
Begin MonoManager ReloadAssembly
Native extension for WindowsStandalone target not found
Native extension for WebGL target not found
Refreshing native plugins compatible for Editor in 0.34 ms, found 1 plugins.
Preloading 0 native plugins for Editor in 0.00 ms.
Mono: successfully reloaded assembly
- Completed reload, in  0.751 seconds
Platform modules already initialized, skipping
Refreshing native plugins compatible for Editor in 0.34 ms, found 1 plugins.
Preloading 0 native plugins for Editor in 0.00 ms.
Unloading 1811 Unused Serialized files (Serialized files now loaded: 0)
System memory in use before: 89.7 MB.
System memory in use after: 89.6 MB.

Unloading 12 unused Assets to reduce memory usage. Loaded Objects now: 2483.
Total: 2.076100 ms (FindLiveObjects: 0.209400 ms CreateObjectMapping: 0.061700 ms MarkObjects: 1.714600 ms  DeleteObjects: 0.089600 ms)

========================================================================
Received Prepare
Registering precompiled user dll's ...
Registered in 0.001014 seconds.
Begin MonoManager ReloadAssembly
Native extension for WindowsStandalone target not found
Native extension for WebGL target not found
Refreshing native plugins compatible for Editor in 0.35 ms, found 1 plugins.
Preloading 0 native plugins for Editor in 0.00 ms.
Mono: successfully reloaded assembly
- Completed reload, in  0.785 seconds
Platform modules already initialized, skipping
Refreshing native plugins compatible for Editor in 0.44 ms, found 1 plugins.
Preloading 0 native plugins for Editor in 0.00 ms.
Unloading 1811 Unused Serialized files (Serialized files now loaded: 0)
System memory in use before: 89.7 MB.
System memory in use after: 89.7 MB.

Unloading 12 unused Assets to reduce memory usage. Loaded Objects now: 2487.
Total: 2.118600 ms (FindLiveObjects: 0.209600 ms CreateObjectMapping: 0.064900 ms MarkObjects: 1.753700 ms  DeleteObjects: 0.089700 ms)

========================================================================
Received Prepare
Registering precompiled user dll's ...
Registered in 0.000949 seconds.
Begin MonoManager ReloadAssembly
Native extension for WindowsStandalone target not found
Native extension for WebGL target not found
Refreshing native plugins compatible for Editor in 0.34 ms, found 1 plugins.
Preloading 0 native plugins for Editor in 0.00 ms.
Mono: successfully reloaded assembly
- Completed reload, in  0.793 seconds
Platform modules already initialized, skipping
Refreshing native plugins compatible for Editor in 0.36 ms, found 1 plugins.
Preloading 0 native plugins for Editor in 0.00 ms.
Unloading 1811 Unused Serialized files (Serialized files now loaded: 0)
System memory in use before: 89.7 MB.
System memory in use after: 89.7 MB.

Unloading 12 unused Assets to reduce memory usage. Loaded Objects now: 2491.
Total: 2.271900 ms (FindLiveObjects: 0.179300 ms CreateObjectMapping: 0.061600 ms MarkObjects: 1.937000 ms  DeleteObjects: 0.093400 ms)

========================================================================
Received Prepare
Registering precompiled user dll's ...
Registered in 0.000959 seconds.
Begin MonoManager ReloadAssembly
Native extension for WindowsStandalone target not found
Native extension for WebGL target not found
Refreshing native plugins compatible for Editor in 0.35 ms, found 1 plugins.
Preloading 0 native plugins for Editor in 0.00 ms.
Mono: successfully reloaded assembly
- Completed reload, in  0.773 seconds
Platform modules already initialized, skipping
Refreshing native plugins compatible for Editor in 0.37 ms, found 1 plugins.
Preloading 0 native plugins for Editor in 0.00 ms.
Unloading 1811 Unused Serialized files (Serialized files now loaded: 0)
System memory in use before: 89.7 MB.
System memory in use after: 89.7 MB.

Unloading 12 unused Assets to reduce memory usage. Loaded Objects now: 2495.
Total: 2.415700 ms (FindLiveObjects: 0.320800 ms CreateObjectMapping: 0.099000 ms MarkObjects: 1.898500 ms  DeleteObjects: 0.094800 ms)

========================================================================
Received Prepare
Registering precompiled user dll's ...
Registered in 0.001088 seconds.
Begin MonoManager ReloadAssembly
Native extension for WindowsStandalone target not found
Native extension for WebGL target not found
Refreshing native plugins compatible for Editor in 0.34 ms, found 1 plugins.
Preloading 0 native plugins for Editor in 0.00 ms.
Mono: successfully reloaded assembly
- Completed reload, in  0.820 seconds
Platform modules already initialized, skipping
Refreshing native plugins compatible for Editor in 0.34 ms, found 1 plugins.
Preloading 0 native plugins for Editor in 0.00 ms.
Unloading 1811 Unused Serialized files (Serialized files now loaded: 0)
System memory in use before: 89.7 MB.
System memory in use after: 89.7 MB.

Unloading 12 unused Assets to reduce memory usage. Loaded Objects now: 2499.
Total: 1.958800 ms (FindLiveObjects: 0.184100 ms CreateObjectMapping: 0.064200 ms MarkObjects: 1.614700 ms  DeleteObjects: 0.094900 ms)

========================================================================
Received Prepare
Registering precompiled user dll's ...
Registered in 0.001045 seconds.
Begin MonoManager ReloadAssembly
Native extension for WindowsStandalone target not found
Native extension for WebGL target not found
Refreshing native plugins compatible for Editor in 0.51 ms, found 1 plugins.
Preloading 0 native plugins for Editor in 0.00 ms.
Mono: successfully reloaded assembly
- Completed reload, in  0.774 seconds
Platform modules already initialized, skipping
Refreshing native plugins compatible for Editor in 0.37 ms, found 1 plugins.
Preloading 0 native plugins for Editor in 0.00 ms.
Unloading 1811 Unused Serialized files (Serialized files now loaded: 0)
System memory in use before: 89.7 MB.
System memory in use after: 89.7 MB.

Unloading 12 unused Assets to reduce memory usage. Loaded Objects now: 2503.
Total: 2.260700 ms (FindLiveObjects: 0.277800 ms CreateObjectMapping: 0.097800 ms MarkObjects: 1.791400 ms  DeleteObjects: 0.092900 ms)

========================================================================
Received Prepare
Registering precompiled user dll's ...
Registered in 0.001056 seconds.
Begin MonoManager ReloadAssembly
Native extension for WindowsStandalone target not found
Native extension for WebGL target not found
Refreshing native plugins compatible for Editor in 0.34 ms, found 1 plugins.
Preloading 0 native plugins for Editor in 0.00 ms.
Mono: successfully reloaded assembly
- Completed reload, in  0.802 seconds
Platform modules already initialized, skipping
Refreshing native plugins compatible for Editor in 0.34 ms, found 1 plugins.
Preloading 0 native plugins for Editor in 0.00 ms.
Unloading 1811 Unused Serialized files (Serialized files now loaded: 0)
System memory in use before: 89.7 MB.
System memory in use after: 89.7 MB.

Unloading 12 unused Assets to reduce memory usage. Loaded Objects now: 2507.
Total: 2.263300 ms (FindLiveObjects: 0.190800 ms CreateObjectMapping: 0.068600 ms MarkObjects: 1.905600 ms  DeleteObjects: 0.097600 ms)

========================================================================
Received Prepare
Registering precompiled user dll's ...
Registered in 0.001372 seconds.
Begin MonoManager ReloadAssembly
Native extension for WindowsStandalone target not found
Native extension for WebGL target not found
Refreshing native plugins compatible for Editor in 0.34 ms, found 1 plugins.
Preloading 0 native plugins for Editor in 0.00 ms.
Mono: successfully reloaded assembly
- Completed reload, in  0.778 seconds
Platform modules already initialized, skipping
Refreshing native plugins compatible for Editor in 0.35 ms, found 1 plugins.
Preloading 0 native plugins for Editor in 0.00 ms.
Unloading 1811 Unused Serialized files (Serialized files now loaded: 0)
System memory in use before: 89.7 MB.
System memory in use after: 89.7 MB.

Unloading 12 unused Assets to reduce memory usage. Loaded Objects now: 2511.
Total: 2.276900 ms (FindLiveObjects: 0.185500 ms CreateObjectMapping: 0.062600 ms MarkObjects: 1.931100 ms  DeleteObjects: 0.096700 ms)

========================================================================
Received Prepare
Registering precompiled user dll's ...
Registered in 0.001004 seconds.
Begin MonoManager ReloadAssembly
Native extension for WindowsStandalone target not found
Native extension for WebGL target not found
Refreshing native plugins compatible for Editor in 0.33 ms, found 1 plugins.
Preloading 0 native plugins for Editor in 0.00 ms.
Mono: successfully reloaded assembly
- Completed reload, in  0.762 seconds
Platform modules already initialized, skipping
Refreshing native plugins compatible for Editor in 0.43 ms, found 1 plugins.
Preloading 0 native plugins for Editor in 0.00 ms.
Unloading 1811 Unused Serialized files (Serialized files now loaded: 0)
System memory in use before: 89.7 MB.
System memory in use after: 89.7 MB.

Unloading 12 unused Assets to reduce memory usage. Loaded Objects now: 2515.
Total: 2.230500 ms (FindLiveObjects: 0.202500 ms CreateObjectMapping: 0.048200 ms MarkObjects: 1.883800 ms  DeleteObjects: 0.095000 ms)

========================================================================
Received Prepare
Registering precompiled user dll's ...
Registered in 0.001641 seconds.
Begin MonoManager ReloadAssembly
Native extension for WindowsStandalone target not found
Native extension for WebGL target not found
Refreshing native plugins compatible for Editor in 0.35 ms, found 1 plugins.
Preloading 0 native plugins for Editor in 0.00 ms.
Mono: successfully reloaded assembly
- Completed reload, in  0.795 seconds
Platform modules already initialized, skipping
Refreshing native plugins compatible for Editor in 0.34 ms, found 1 plugins.
Preloading 0 native plugins for Editor in 0.00 ms.
Unloading 1811 Unused Serialized files (Serialized files now loaded: 0)
System memory in use before: 89.7 MB.
System memory in use after: 89.7 MB.

Unloading 12 unused Assets to reduce memory usage. Loaded Objects now: 2519.
Total: 2.568200 ms (FindLiveObjects: 0.497100 ms CreateObjectMapping: 0.112700 ms MarkObjects: 1.851200 ms  DeleteObjects: 0.104100 ms)

========================================================================
Received Prepare
Registering precompiled user dll's ...
Registered in 0.001032 seconds.
Begin MonoManager ReloadAssembly
Native extension for WindowsStandalone target not found
Native extension for WebGL target not found
Refreshing native plugins compatible for Editor in 0.83 ms, found 1 plugins.
Preloading 0 native plugins for Editor in 0.00 ms.
Mono: successfully reloaded assembly
- Completed reload, in  0.785 seconds
Platform modules already initialized, skipping
Refreshing native plugins compatible for Editor in 0.34 ms, found 1 plugins.
Preloading 0 native plugins for Editor in 0.00 ms.
Unloading 1811 Unused Serialized files (Serialized files now loaded: 0)
System memory in use before: 89.8 MB.
System memory in use after: 89.7 MB.

Unloading 12 unused Assets to reduce memory usage. Loaded Objects now: 2523.
Total: 1.927700 ms (FindLiveObjects: 0.166900 ms CreateObjectMapping: 0.050200 ms MarkObjects: 1.610100 ms  DeleteObjects: 0.099100 ms)

========================================================================
Received Prepare
Registering precompiled user dll's ...
Registered in 0.001507 seconds.
Begin MonoManager ReloadAssembly
Native extension for WindowsStandalone target not found
Native extension for WebGL target not found
Refreshing native plugins compatible for Editor in 0.35 ms, found 1 plugins.
Preloading 0 native plugins for Editor in 0.00 ms.
Mono: successfully reloaded assembly
- Completed reload, in  0.822 seconds
Platform modules already initialized, skipping
Refreshing native plugins compatible for Editor in 0.65 ms, found 1 plugins.
Preloading 0 native plugins for Editor in 0.00 ms.
Unloading 1811 Unused Serialized files (Serialized files now loaded: 0)
System memory in use before: 89.8 MB.
System memory in use after: 89.7 MB.

Unloading 12 unused Assets to reduce memory usage. Loaded Objects now: 2527.
Total: 5.467700 ms (FindLiveObjects: 0.681500 ms CreateObjectMapping: 0.333000 ms MarkObjects: 4.233000 ms  DeleteObjects: 0.217200 ms)

========================================================================
Received Prepare
Registering precompiled user dll's ...
Registered in 0.001659 seconds.
Begin MonoManager ReloadAssembly
Native extension for WindowsStandalone target not found
Native extension for WebGL target not found
Refreshing native plugins compatible for Editor in 0.37 ms, found 1 plugins.
Preloading 0 native plugins for Editor in 0.00 ms.
Mono: successfully reloaded assembly
- Completed reload, in  0.881 seconds
Platform modules already initialized, skipping
Refreshing native plugins compatible for Editor in 0.48 ms, found 1 plugins.
Preloading 0 native plugins for Editor in 0.00 ms.
Unloading 1811 Unused Serialized files (Serialized files now loaded: 0)
System memory in use before: 89.8 MB.
System memory in use after: 89.7 MB.

Unloading 12 unused Assets to reduce memory usage. Loaded Objects now: 2531.
Total: 2.196700 ms (FindLiveObjects: 0.202200 ms CreateObjectMapping: 0.066700 ms MarkObjects: 1.822600 ms  DeleteObjects: 0.104300 ms)

AssetImportWorkerClient::OnTransportError - code=2 error=End of file
